Arguments: 
  /Users/chen/.nvm/versions/node/v8.9.0/bin/node /usr/local/Cellar/yarn/1.5.1_1/libexec/bin/yarn.js run server

PATH: 
  /Users/chen/.docker/bin:/Users/chen/.emsdk:/Users/chen/.emsdk/clang/fastcomp/build_incoming_64/bin:/Users/chen/.emsdk/emscripten/incoming:/Users/chen:/Users/chen/.cargo/bin:/Users/chen/.nvm/versions/node/v8.9.0/bin:/Users/chen/.evm/bin:/Users/chen/bin:/Users/chen/.composer/vendor/bin:/usr/local/bin:/usr/bin:/bin:/usr/sbin:/sbin:/usr/local/share/dotnet:/opt/X11/bin

Yarn version: 
  1.5.1

Node version: 
  8.9.0

Platform: 
  darwin x64

npm manifest: 
  No manifest

yarn manifest: 
  No manifest

Lockfile: 
  No lockfile

Trace: 
  Error: Couldn't find a package.json file in "/Users/chen/app/gpgkd906.github.io"
      at new MessageError (/usr/local/Cellar/yarn/1.5.1_1/libexec/lib/cli.js:186:110)
      at /usr/local/Cellar/yarn/1.5.1_1/libexec/lib/cli.js:40048:15
      at Generator.next (<anonymous>)
      at step (/usr/local/Cellar/yarn/1.5.1_1/libexec/lib/cli.js:98:30)
      at /usr/local/Cellar/yarn/1.5.1_1/libexec/lib/cli.js:109:13
      at <anonymous>
