Arguments: 
  /Users/chen/.nvm/versions/node/v8.9.0/bin/node /usr/local/Cellar/yarn/1.5.1_1/libexec/bin/yarn.js run server

PATH: 
  /Users/chen/.docker/bin:/Users/chen/.emsdk:/Users/chen/.emsdk/clang/fastcomp/build_incoming_64/bin:/Users/chen/.emsdk/emscripten/incoming:/Users/chen:/Users/chen/.cargo/bin:/Users/chen/.nvm/versions/node/v8.9.0/bin:/Users/chen/.evm/bin:/Users/chen/bin:/Users/chen/.composer/vendor/bin:/usr/local/bin:/usr/bin:/bin:/usr/sbin:/sbin:/usr/local/share/dotnet:/opt/X11/bin

Yarn version: 
  1.5.1

Node version: 
  8.9.0

Platform: 
  darwin x64

npm manifest: 
  {
    "name": "",
    "version": "0.0.1",
    "private": true,
    "scripts": {
      "server": "open http://localhost:9000 && php -S localhost:9000"
    },
    "devDependencies": {
      "bower": "^1.8.2",
      "connect-livereload": "~0.2.0",
      "grunt": "^1.0.2",
      "grunt-contrib-connect": "~0.2.0",
      "grunt-contrib-watch": "~0.5.2",
      "grunt-open": "~0.2.0",
      "matchdep": "~0.1.2",
      "moment": "~2.0.0"
    },
    "engines": {
      "node": ">=0.8.0"
    },
    "dependencies": {
      "generator-impress": "^0.1.2",
      "global": "^4.3.2",
      "impress": "^0.5.1"
    }
  }

yarn manifest: 
  No manifest

Lockfile: 
  # THIS IS AN AUTOGENERATED FILE. DO NOT EDIT THIS FILE DIRECTLY.
  # yarn lockfile v1
  
  
  "@types/node@^8.0.24":
    version "8.10.0"
    resolved "https://registry.yarnpkg.com/@types/node/-/node-8.10.0.tgz#f5d649cc49af8ed6507d15dc6e9b43fe8b927540"
  
  CSSselect@0.x:
    version "0.7.0"
    resolved "https://registry.yarnpkg.com/CSSselect/-/CSSselect-0.7.0.tgz#e4054c67b467465f3c9500c0da0aa7878c4babd2"
    dependencies:
      CSSwhat "0.4"
      boolbase "~1.0.0"
      domutils "1.4"
      nth-check "~1.0.0"
  
  CSSwhat@0.4:
    version "0.4.7"
    resolved "https://registry.yarnpkg.com/CSSwhat/-/CSSwhat-0.4.7.tgz#867da0ff39f778613242c44cfea83f0aa4ebdf9b"
  
  abbrev@1:
    version "1.1.1"
    resolved "https://registry.yarnpkg.com/abbrev/-/abbrev-1.1.1.tgz#f8f2c887ad10bf67f634f005b6987fed3179aac8"
  
  accept-language@^3.0.18:
    version "3.0.18"
    resolved "https://registry.yarnpkg.com/accept-language/-/accept-language-3.0.18.tgz#f5025f17bf65a466a845838ccf98cdb877d83384"
    dependencies:
      bcp47 "^1.1.2"
      stable "^0.1.6"
  
  ajv@^5.1.0:
    version "5.5.2"
    resolved "https://registry.yarnpkg.com/ajv/-/ajv-5.5.2.tgz#73b5eeca3fab653e3d3f9422b341ad42205dc965"
    dependencies:
      co "^4.6.0"
      fast-deep-equal "^1.0.0"
      fast-json-stable-stringify "^2.0.0"
      json-schema-traverse "^0.3.0"
  
  ansi-regex@^2.0.0:
    version "2.1.1"
    resolved "https://registry.yarnpkg.com/ansi-regex/-/ansi-regex-2.1.1.tgz#c3b33ab5ee360d86e0e628f0468ae7ef27d654df"
  
  ansi-styles@^2.2.1:
    version "2.2.1"
    resolved "https://registry.yarnpkg.com/ansi-styles/-/ansi-styles-2.2.1.tgz#b432dd3358b634cf75e1e4664368240533c1ddbe"
  
  ansi-styles@~0.2.0:
    version "0.2.0"
    resolved "https://registry.yarnpkg.com/ansi-styles/-/ansi-styles-0.2.0.tgz#359ab4b15dcd64ba6d74734b72c36360a9af2c19"
  
  aproba@^1.0.3:
    version "1.2.0"
    resolved "https://registry.yarnpkg.com/aproba/-/aproba-1.2.0.tgz#6802e6264efd18c790a1b0d517f0f2627bf2c94a"
  
  archiver-utils@^1.3.0:
    version "1.3.0"
    resolved "https://registry.yarnpkg.com/archiver-utils/-/archiver-utils-1.3.0.tgz#e50b4c09c70bf3d680e32ff1b7994e9f9d895174"
    dependencies:
      glob "^7.0.0"
      graceful-fs "^4.1.0"
      lazystream "^1.0.0"
      lodash "^4.8.0"
      normalize-path "^2.0.0"
      readable-stream "^2.0.0"
  
  are-we-there-yet@~1.1.2:
    version "1.1.4"
    resolved "https://registry.yarnpkg.com/are-we-there-yet/-/are-we-there-yet-1.1.4.tgz#bb5dca382bb94f05e15194373d16fd3ba1ca110d"
    dependencies:
      delegates "^1.0.0"
      readable-stream "^2.0.6"
  
  argparse@^1.0.2:
    version "1.0.10"
    resolved "https://registry.yarnpkg.com/argparse/-/argparse-1.0.10.tgz#bcd6791ea5ae09725e17e5ad988134cd40b3d911"
    dependencies:
      sprintf-js "~1.0.2"
  
  array-find-index@^1.0.1:
    version "1.0.2"
    resolved "https://registry.yarnpkg.com/array-find-index/-/array-find-index-1.0.2.tgz#df010aa1287e164bbda6f9723b0a96a1ec4187a1"
  
  asn1@0.1.11:
    version "0.1.11"
    resolved "https://registry.yarnpkg.com/asn1/-/asn1-0.1.11.tgz#559be18376d08a4ec4dbe80877d27818639b2df7"
  
  asn1@~0.2.3:
    version "0.2.3"
    resolved "https://registry.yarnpkg.com/asn1/-/asn1-0.2.3.tgz#dac8787713c9966849fc8180777ebe9c1ddf3b86"
  
  assert-plus@1.0.0, assert-plus@^1.0.0:
    version "1.0.0"
    resolved "https://registry.yarnpkg.com/assert-plus/-/assert-plus-1.0.0.tgz#f12e0f3c5d77b0b1cdd9146942e4e96c1e4dd525"
  
  assert-plus@^0.1.5:
    version "0.1.5"
    resolved "https://registry.yarnpkg.com/assert-plus/-/assert-plus-0.1.5.tgz#ee74009413002d84cec7219c6ac811812e723160"
  
  async@~0.2.8:
    version "0.2.10"
    resolved "https://registry.yarnpkg.com/async/-/async-0.2.10.tgz#b6bbe0b0674b9d719708ca38de8c237cb526c3d1"
  
  async@~0.9.0:
    version "0.9.2"
    resolved "https://registry.yarnpkg.com/async/-/async-0.9.2.tgz#aea74d5e61c1f899613bf64bda66d4c78f2fd17d"
  
  async@~1.5.2:
    version "1.5.2"
    resolved "https://registry.yarnpkg.com/async/-/async-1.5.2.tgz#ec6a61ae56480c0c3cb241c95618e20892f9672a"
  
  asynckit@^0.4.0:
    version "0.4.0"
    resolved "https://registry.yarnpkg.com/asynckit/-/asynckit-0.4.0.tgz#c79ed97f7f34cb8f2ba1bc9790bcc366474b4b79"
  
  aws-sign2@~0.7.0:
    version "0.7.0"
    resolved "https://registry.yarnpkg.com/aws-sign2/-/aws-sign2-0.7.0.tgz#b46e890934a9591f2d2f6f86d7e6a9f1b3fe76a8"
  
  aws-sign@~0.3.0:
    version "0.3.0"
    resolved "https://registry.yarnpkg.com/aws-sign/-/aws-sign-0.3.0.tgz#3d81ca69b474b1e16518728b51c24ff0bbedc6e9"
  
  aws4@^1.6.0:
    version "1.6.0"
    resolved "https://registry.yarnpkg.com/aws4/-/aws4-1.6.0.tgz#83ef5ca860b2b32e4a0deedee8c771b9db57471e"
  
  balanced-match@^1.0.0:
    version "1.0.0"
    resolved "https://registry.yarnpkg.com/balanced-match/-/balanced-match-1.0.0.tgz#89b4d199ab2bee49de164ea02b89ce462d71b767"
  
  bcp47@^1.1.2:
    version "1.1.2"
    resolved "https://registry.yarnpkg.com/bcp47/-/bcp47-1.1.2.tgz#354be3307ffd08433a78f5e1e2095845f89fc7fe"
  
  bcrypt-pbkdf@^1.0.0:
    version "1.0.1"
    resolved "https://registry.yarnpkg.com/bcrypt-pbkdf/-/bcrypt-pbkdf-1.0.1.tgz#63bc5dcb61331b92bc05fd528953c33462a06f8d"
    dependencies:
      tweetnacl "^0.14.3"
  
  bcrypt@^1.0.3:
    version "1.0.3"
    resolved "https://registry.yarnpkg.com/bcrypt/-/bcrypt-1.0.3.tgz#b02ddc6c0b52ea16b8d3cf375d5a32e780dab548"
    dependencies:
      nan "2.6.2"
      node-pre-gyp "0.6.36"
  
  block-stream@*:
    version "0.0.9"
    resolved "https://registry.yarnpkg.com/block-stream/-/block-stream-0.0.9.tgz#13ebfe778a03205cfe03751481ebb4b3300c126a"
    dependencies:
      inherits "~2.0.0"
  
  boolbase@~1.0.0:
    version "1.0.0"
    resolved "https://registry.yarnpkg.com/boolbase/-/boolbase-1.0.0.tgz#68dff5fbe60c51eb37725ea9e3ed310dcc1e776e"
  
  boom@0.4.x:
    version "0.4.2"
    resolved "https://registry.yarnpkg.com/boom/-/boom-0.4.2.tgz#7a636e9ded4efcefb19cef4947a3c67dfaee911b"
    dependencies:
      hoek "0.9.x"
  
  boom@4.x.x:
    version "4.3.1"
    resolved "https://registry.yarnpkg.com/boom/-/boom-4.3.1.tgz#4f8a3005cb4a7e3889f749030fd25b96e01d2e31"
    dependencies:
      hoek "4.x.x"
  
  boom@5.x.x:
    version "5.2.0"
    resolved "https://registry.yarnpkg.com/boom/-/boom-5.2.0.tgz#5dd9da6ee3a5f302077436290cb717d3f4a54e02"
    dependencies:
      hoek "4.x.x"
  
  bower@^1.8.2:
    version "1.8.2"
    resolved "https://registry.yarnpkg.com/bower/-/bower-1.8.2.tgz#adf53529c8d4af02ef24fb8d5341c1419d33e2f7"
  
  brace-expansion@^1.1.7:
    version "1.1.11"
    resolved "https://registry.yarnpkg.com/brace-expansion/-/brace-expansion-1.1.11.tgz#3c7fcbf529d87226f3d2f52b966ff5271eb441dd"
    dependencies:
      balanced-match "^1.0.0"
      concat-map "0.0.1"
  
  buffer-crc32@0.2.1:
    version "0.2.1"
    resolved "https://registry.yarnpkg.com/buffer-crc32/-/buffer-crc32-0.2.1.tgz#be3e5382fc02b6d6324956ac1af98aa98b08534c"
  
  buffer-crc32@^0.2.1:
    version "0.2.13"
    resolved "https://registry.yarnpkg.com/buffer-crc32/-/buffer-crc32-0.2.13.tgz#0d333e3f00eac50aa1454abd30ef8c2a5d9a7242"
  
  builtin-modules@^1.0.0:
    version "1.1.1"
    resolved "https://registry.yarnpkg.com/builtin-modules/-/builtin-modules-1.1.1.tgz#270f076c5a72c02f5b65a47df94c5fe3a278892f"
  
  bytes@0.2.0:
    version "0.2.0"
    resolved "https://registry.yarnpkg.com/bytes/-/bytes-0.2.0.tgz#aad33ec14e3dc2ca74e8e7d451f9ba053ad4f7a0"
  
  camelcase-keys@^2.0.0:
    version "2.1.0"
    resolved "https://registry.yarnpkg.com/camelcase-keys/-/camelcase-keys-2.1.0.tgz#308beeaffdf28119051efa1d932213c91b8f92e7"
    dependencies:
      camelcase "^2.0.0"
      map-obj "^1.0.0"
  
  camelcase@^2.0.0:
    version "2.1.1"
    resolved "https://registry.yarnpkg.com/camelcase/-/camelcase-2.1.1.tgz#7c1d16d679a1bbe59ca02cacecfb011e201f5a1f"
  
  caseless@~0.12.0:
    version "0.12.0"
    resolved "https://registry.yarnpkg.com/caseless/-/caseless-0.12.0.tgz#1b681c21ff84033c826543090689420d187151dc"
  
  chalk@~0.2.0:
    version "0.2.1"
    resolved "https://registry.yarnpkg.com/chalk/-/chalk-0.2.1.tgz#7613e1575145b21386483f7f485aa5ffa8cbd10c"
    dependencies:
      ansi-styles "~0.2.0"
      has-color "~0.1.0"
  
  chalk@~1.1.1:
    version "1.1.3"
    resolved "https://registry.yarnpkg.com/chalk/-/chalk-1.1.3.tgz#a8115c55e4a702fe4d150abd3872822a7e09fc98"
    dependencies:
      ansi-styles "^2.2.1"
      escape-string-regexp "^1.0.2"
      has-ansi "^2.0.0"
      strip-ansi "^3.0.0"
      supports-color "^2.0.0"
  
  cheerio-select@*:
    version "0.0.3"
    resolved "https://registry.yarnpkg.com/cheerio-select/-/cheerio-select-0.0.3.tgz#3f2420114f3ccb0b1b075c245ccfaae5d617a388"
    dependencies:
      CSSselect "0.x"
  
  cheerio@~0.12.0:
    version "0.12.4"
    resolved "https://registry.yarnpkg.com/cheerio/-/cheerio-0.12.4.tgz#c199626e9e1eb0d4233a91a4793e7f8aaa69a18b"
    dependencies:
      cheerio-select "*"
      entities "0.x"
      htmlparser2 "3.1.4"
      underscore "~1.4"
  
  cli-color@~0.2.2:
    version "0.2.3"
    resolved "https://registry.yarnpkg.com/cli-color/-/cli-color-0.2.3.tgz#0a25ceae5a6a1602be7f77d28563c36700274e88"
    dependencies:
      es5-ext "~0.9.2"
      memoizee "~0.2.5"
  
  co@^4.6.0:
    version "4.6.0"
    resolved "https://registry.yarnpkg.com/co/-/co-4.6.0.tgz#6ea6bdf3d853ae54ccb8e47bfa0bf3f9031fb184"
  
  code-point-at@^1.0.0:
    version "1.1.0"
    resolved "https://registry.yarnpkg.com/code-point-at/-/code-point-at-1.1.0.tgz#0d070b4d043a5bea33a2f1a40e2edb3d9a4ccf77"
  
  coffeescript@~1.10.0:
    version "1.10.0"
    resolved "https://registry.yarnpkg.com/coffeescript/-/coffeescript-1.10.0.tgz#e7aa8301917ef621b35d8a39f348dcdd1db7e33e"
  
  colors@~1.1.2:
    version "1.1.2"
    resolved "https://registry.yarnpkg.com/colors/-/colors-1.1.2.tgz#168a4701756b6a7f51a12ce0c97bfa28c084ed63"
  
  combined-stream@1.0.6, combined-stream@~1.0.5:
    version "1.0.6"
    resolved "https://registry.yarnpkg.com/combined-stream/-/combined-stream-1.0.6.tgz#723e7df6e801ac5613113a7e445a9b69cb632818"
    dependencies:
      delayed-stream "~1.0.0"
  
  combined-stream@~0.0.4:
    version "0.0.7"
    resolved "https://registry.yarnpkg.com/combined-stream/-/combined-stream-0.0.7.tgz#0137e657baa5a7541c57ac37ac5fc07d73b4dc1f"
    dependencies:
      delayed-stream "0.0.5"
  
  commander@~2.15.0:
    version "2.15.1"
    resolved "https://registry.yarnpkg.com/commander/-/commander-2.15.1.tgz#df46e867d0fc2aec66a34662b406a9ccafff5b0f"
  
  compress-commons@^1.2.0:
    version "1.2.2"
    resolved "https://registry.yarnpkg.com/compress-commons/-/compress-commons-1.2.2.tgz#524a9f10903f3a813389b0225d27c48bb751890f"
    dependencies:
      buffer-crc32 "^0.2.1"
      crc32-stream "^2.0.0"
      normalize-path "^2.0.0"
      readable-stream "^2.0.0"
  
  concat-map@0.0.1:
    version "0.0.1"
    resolved "https://registry.yarnpkg.com/concat-map/-/concat-map-0.0.1.tgz#d8a96bd77fd68df7793a73036a3ba0d5405d477b"
  
  concat-stream@1.6.0:
    version "1.6.0"
    resolved "https://registry.yarnpkg.com/concat-stream/-/concat-stream-1.6.0.tgz#0aac662fd52be78964d5532f694784e70110acf7"
    dependencies:
      inherits "^2.0.3"
      readable-stream "^2.2.2"
      typedarray "^0.0.6"
  
  concolor@^0.1.6:
    version "0.1.6"
    resolved "https://registry.yarnpkg.com/concolor/-/concolor-0.1.6.tgz#5a580be5d5282739112e58c108ad54aa2ee65261"
  
  connect-livereload@~0.2.0:
    version "0.2.0"
    resolved "https://registry.yarnpkg.com/connect-livereload/-/connect-livereload-0.2.0.tgz#7573cf587846dffd02a3e65e3122b470dd615ec9"
  
  connect@~2.7.3:
    version "2.7.11"
    resolved "https://registry.yarnpkg.com/connect/-/connect-2.7.11.tgz#f561d5eef70b8d719c397f724d34ba4065c77a3e"
    dependencies:
      buffer-crc32 "0.2.1"
      bytes "0.2.0"
      cookie "0.0.5"
      cookie-signature "1.0.1"
      debug "*"
      formidable "1.0.14"
      fresh "0.1.0"
      pause "0.0.1"
      qs "0.6.5"
      send "0.1.1"
  
  console-control-strings@^1.0.0, console-control-strings@~1.1.0:
    version "1.1.0"
    resolved "https://registry.yarnpkg.com/console-control-strings/-/console-control-strings-1.1.0.tgz#3d7cf4464db6446ea644bf4b39507f9851008e8e"
  
  cookie-jar@~0.3.0:
    version "0.3.0"
    resolved "https://registry.yarnpkg.com/cookie-jar/-/cookie-jar-0.3.0.tgz#bc9a27d4e2b97e186cd57c9e2063cb99fa68cccc"
  
  cookie-signature@1.0.1:
    version "1.0.1"
    resolved "https://registry.yarnpkg.com/cookie-signature/-/cookie-signature-1.0.1.tgz#44e072148af01e6e8e24afbf12690d68ae698ecb"
  
  cookie@0.0.5:
    version "0.0.5"
    resolved "https://registry.yarnpkg.com/cookie/-/cookie-0.0.5.tgz#f9acf9db57eb7568c9fcc596256b7bb22e307c81"
  
  core-util-is@1.0.2, core-util-is@~1.0.0:
    version "1.0.2"
    resolved "https://registry.yarnpkg.com/core-util-is/-/core-util-is-1.0.2.tgz#b5fd54220aa2bc5ab57aab7140c940754503c1a7"
  
  crc32-stream@^2.0.0:
    version "2.0.0"
    resolved "https://registry.yarnpkg.com/crc32-stream/-/crc32-stream-2.0.0.tgz#e3cdd3b4df3168dd74e3de3fbbcb7b297fe908f4"
    dependencies:
      crc "^3.4.4"
      readable-stream "^2.0.0"
  
  crc@^3.4.4:
    version "3.5.0"
    resolved "https://registry.yarnpkg.com/crc/-/crc-3.5.0.tgz#98b8ba7d489665ba3979f59b21381374101a1964"
  
  cryptiles@0.2.x:
    version "0.2.2"
    resolved "https://registry.yarnpkg.com/cryptiles/-/cryptiles-0.2.2.tgz#ed91ff1f17ad13d3748288594f8a48a0d26f325c"
    dependencies:
      boom "0.4.x"
  
  cryptiles@3.x.x:
    version "3.1.2"
    resolved "https://registry.yarnpkg.com/cryptiles/-/cryptiles-3.1.2.tgz#a89fbb220f5ce25ec56e8c4aa8a4fd7b5b0d29fe"
    dependencies:
      boom "5.x.x"
  
  csv-generate@^2.0.0:
    version "2.0.2"
    resolved "https://registry.yarnpkg.com/csv-generate/-/csv-generate-2.0.2.tgz#1c26c52be318f1f0b6435f8df3d1249fb1503f4b"
  
  csv-parse@^2.0.0:
    version "2.0.4"
    resolved "https://registry.yarnpkg.com/csv-parse/-/csv-parse-2.0.4.tgz#5b469596766ee07f2cbd71aced7ae76b3c73c901"
  
  csv-stringify@^2.0.0:
    version "2.0.4"
    resolved "https://registry.yarnpkg.com/csv-stringify/-/csv-stringify-2.0.4.tgz#9ace220df98ffa7ca91314ac77ff8cba0a08c863"
    dependencies:
      lodash.get "~4.4.2"
  
  csv@^2.0.0:
    version "2.0.0"
    resolved "https://registry.yarnpkg.com/csv/-/csv-2.0.0.tgz#0d51d8fa3ece278b5409f795717fcfcd5ace9b3e"
    dependencies:
      csv-generate "^2.0.0"
      csv-parse "^2.0.0"
      csv-stringify "^2.0.0"
      stream-transform "^1.0.0"
  
  ctype@0.5.3:
    version "0.5.3"
    resolved "https://registry.yarnpkg.com/ctype/-/ctype-0.5.3.tgz#82c18c2461f74114ef16c135224ad0b9144ca12f"
  
  currently-unhandled@^0.4.1:
    version "0.4.1"
    resolved "https://registry.yarnpkg.com/currently-unhandled/-/currently-unhandled-0.4.1.tgz#988df33feab191ef799a61369dd76c17adf957ea"
    dependencies:
      array-find-index "^1.0.1"
  
  dargs@~0.1.0:
    version "0.1.0"
    resolved "https://registry.yarnpkg.com/dargs/-/dargs-0.1.0.tgz#2364ad9f441f976dcd5fe9961e21715665a5e3c3"
  
  dashdash@^1.12.0:
    version "1.14.1"
    resolved "https://registry.yarnpkg.com/dashdash/-/dashdash-1.14.1.tgz#853cfa0f7cbe2fed5de20326b8dd581035f6e2f0"
    dependencies:
      assert-plus "^1.0.0"
  
  dateformat@~1.0.12:
    version "1.0.12"
    resolved "https://registry.yarnpkg.com/dateformat/-/dateformat-1.0.12.tgz#9f124b67594c937ff706932e4a642cca8dbbfee9"
    dependencies:
      get-stdin "^4.0.1"
      meow "^3.3.0"
  
  debug@*:
    version "3.1.0"
    resolved "https://registry.yarnpkg.com/debug/-/debug-3.1.0.tgz#5bb5a0672628b64149566ba16819e61518c67261"
    dependencies:
      ms "2.0.0"
  
  debug@2.6.9, debug@^2.1.3, debug@^2.2.0:
    version "2.6.9"
    resolved "https://registry.yarnpkg.com/debug/-/debug-2.6.9.tgz#5d128515df134ff327e90a4c93f4e077a536341f"
    dependencies:
      ms "2.0.0"
  
  debug@~0.7.0, debug@~0.7.2:
    version "0.7.4"
    resolved "https://registry.yarnpkg.com/debug/-/debug-0.7.4.tgz#06e1ea8082c2cb14e39806e22e2f6f757f92af39"
  
  decamelize@^1.1.2:
    version "1.2.0"
    resolved "https://registry.yarnpkg.com/decamelize/-/decamelize-1.2.0.tgz#f6534d15148269b20352e7bee26f501f9a191290"
  
  deep-extend@~0.4.0:
    version "0.4.2"
    resolved "https://registry.yarnpkg.com/deep-extend/-/deep-extend-0.4.2.tgz#48b699c27e334bf89f10892be432f6e4c7d34a7f"
  
  delayed-stream@0.0.5:
    version "0.0.5"
    resolved "https://registry.yarnpkg.com/delayed-stream/-/delayed-stream-0.0.5.tgz#d4b1f43a93e8296dfe02694f4680bc37a313c73f"
  
  delayed-stream@~1.0.0:
    version "1.0.0"
    resolved "https://registry.yarnpkg.com/delayed-stream/-/delayed-stream-1.0.0.tgz#df3ae199acadfb7d440aaae0b29e2272b24ec619"
  
  delegates@^1.0.0:
    version "1.0.0"
    resolved "https://registry.yarnpkg.com/delegates/-/delegates-1.0.0.tgz#84c6e159b81904fdca59a0ef44cd870d31250f9a"
  
  diff@~1.0.4:
    version "1.0.8"
    resolved "https://registry.yarnpkg.com/diff/-/diff-1.0.8.tgz#343276308ec991b7bc82267ed55bc1411f971666"
  
  dom-walk@^0.1.0:
    version "0.1.1"
    resolved "https://registry.yarnpkg.com/dom-walk/-/dom-walk-0.1.1.tgz#672226dc74c8f799ad35307df936aba11acd6018"
  
  domelementtype@1:
    version "1.3.0"
    resolved "https://registry.yarnpkg.com/domelementtype/-/domelementtype-1.3.0.tgz#b17aed82e8ab59e52dd9c19b1756e0fc187204c2"
  
  domhandler@2.0:
    version "2.0.3"
    resolved "https://registry.yarnpkg.com/domhandler/-/domhandler-2.0.3.tgz#889f8df626403af0788e29d66d5d5c6f7ebf0fd6"
    dependencies:
      domelementtype "1"
  
  domutils@1.1:
    version "1.1.6"
    resolved "https://registry.yarnpkg.com/domutils/-/domutils-1.1.6.tgz#bddc3de099b9a2efacc51c623f28f416ecc57485"
    dependencies:
      domelementtype "1"
  
  domutils@1.4:
    version "1.4.3"
    resolved "https://registry.yarnpkg.com/domutils/-/domutils-1.4.3.tgz#0865513796c6b306031850e175516baf80b72a6f"
    dependencies:
      domelementtype "1"
  
  ecc-jsbn@~0.1.1:
    version "0.1.1"
    resolved "https://registry.yarnpkg.com/ecc-jsbn/-/ecc-jsbn-0.1.1.tgz#0fc73a9ed5f0d53c38193398523ef7e543777505"
    dependencies:
      jsbn "~0.1.0"
  
  electron-download@^3.0.1:
    version "3.3.0"
    resolved "https://registry.yarnpkg.com/electron-download/-/electron-download-3.3.0.tgz#2cfd54d6966c019c4d49ad65fbe65cc9cdef68c8"
    dependencies:
      debug "^2.2.0"
      fs-extra "^0.30.0"
      home-path "^1.0.1"
      minimist "^1.2.0"
      nugget "^2.0.0"
      path-exists "^2.1.0"
      rc "^1.1.2"
      semver "^5.3.0"
      sumchecker "^1.2.0"
  
  electron@1.8.4:
    version "1.8.4"
    resolved "https://registry.yarnpkg.com/electron/-/electron-1.8.4.tgz#cca8d0e6889f238f55b414ad224f03e03b226a38"
    dependencies:
      "@types/node" "^8.0.24"
      electron-download "^3.0.1"
      extract-zip "^1.0.3"
  
  entities@0.x:
    version "0.5.0"
    resolved "https://registry.yarnpkg.com/entities/-/entities-0.5.0.tgz#f611cb5ae221050e0012c66979503fd7ae19cc49"
  
  error-ex@^1.2.0:
    version "1.3.1"
    resolved "https://registry.yarnpkg.com/error-ex/-/error-ex-1.3.1.tgz#f855a86ce61adc4e8621c3cda21e7a7612c3a8dc"
    dependencies:
      is-arrayish "^0.2.1"
  
  es5-ext@~0.9.2:
    version "0.9.2"
    resolved "https://registry.yarnpkg.com/es5-ext/-/es5-ext-0.9.2.tgz#d2e309d1f223b0718648835acf5b8823a8061f8a"
  
  es6-promise@^4.0.5:
    version "4.2.4"
    resolved "https://registry.yarnpkg.com/es6-promise/-/es6-promise-4.2.4.tgz#dc4221c2b16518760bd8c39a52d8f356fc00ed29"
  
  escape-string-regexp@^1.0.2:
    version "1.0.5"
    resolved "https://registry.yarnpkg.com/escape-string-regexp/-/escape-string-regexp-1.0.5.tgz#1b61c0562190a8dff6ae3bb2cf0200ca130b86d4"
  
  esprima@^2.6.0:
    version "2.7.3"
    resolved "https://registry.yarnpkg.com/esprima/-/esprima-2.7.3.tgz#96e3b70d5779f6ad49cd032673d1c312767ba581"
  
  event-emitter@~0.2.2:
    version "0.2.2"
    resolved "https://registry.yarnpkg.com/event-emitter/-/event-emitter-0.2.2.tgz#c81e3724eb55407c5a0d5ee3299411f700f54291"
    dependencies:
      es5-ext "~0.9.2"
  
  eventemitter2@~0.4.13:
    version "0.4.14"
    resolved "https://registry.yarnpkg.com/eventemitter2/-/eventemitter2-0.4.14.tgz#8f61b75cde012b2e9eb284d4545583b5643b61ab"
  
  exit@~0.1.1:
    version "0.1.2"
    resolved "https://registry.yarnpkg.com/exit/-/exit-0.1.2.tgz#0632638f8d877cc82107d30a0fff1a17cba1cd0c"
  
  extend@~3.0.1:
    version "3.0.1"
    resolved "https://registry.yarnpkg.com/extend/-/extend-3.0.1.tgz#a755ea7bc1adfcc5a31ce7e762dbaadc5e636444"
  
  extract-zip@^1.0.3:
    version "1.6.6"
    resolved "https://registry.yarnpkg.com/extract-zip/-/extract-zip-1.6.6.tgz#1290ede8d20d0872b429fd3f351ca128ec5ef85c"
    dependencies:
      concat-stream "1.6.0"
      debug "2.6.9"
      mkdirp "0.5.0"
      yauzl "2.4.1"
  
  extsprintf@1.3.0:
    version "1.3.0"
    resolved "https://registry.yarnpkg.com/extsprintf/-/extsprintf-1.3.0.tgz#96918440e3041a7a414f8c52e3c574eb3c3e1e05"
  
  extsprintf@^1.2.0:
    version "1.4.0"
    resolved "https://registry.yarnpkg.com/extsprintf/-/extsprintf-1.4.0.tgz#e2689f8f356fad62cca65a3a91c5df5f9551692f"
  
  fast-deep-equal@^1.0.0:
    version "1.1.0"
    resolved "https://registry.yarnpkg.com/fast-deep-equal/-/fast-deep-equal-1.1.0.tgz#c053477817c86b51daa853c81e059b733d023614"
  
  fast-json-stable-stringify@^2.0.0:
    version "2.0.0"
    resolved "https://registry.yarnpkg.com/fast-json-stable-stringify/-/fast-json-stable-stringify-2.0.0.tgz#d5142c0caee6b1189f87d3a76111064f86c8bbf2"
  
  faye-websocket@~0.4.3:
    version "0.4.4"
    resolved "https://registry.yarnpkg.com/faye-websocket/-/faye-websocket-0.4.4.tgz#c14c5b3bf14d7417ffbfd990c0a7495cd9f337bc"
  
  fd-slicer@~1.0.1:
    version "1.0.1"
    resolved "https://registry.yarnpkg.com/fd-slicer/-/fd-slicer-1.0.1.tgz#8b5bcbd9ec327c5041bf9ab023fd6750f1177e65"
    dependencies:
      pend "~1.2.0"
  
  find-up@^1.0.0:
    version "1.1.2"
    resolved "https://registry.yarnpkg.com/find-up/-/find-up-1.1.2.tgz#6b2e9822b1a2ce0a60ab64d610eccad53cb24d0f"
    dependencies:
      path-exists "^2.0.0"
      pinkie-promise "^2.0.0"
  
  findup-sync@~0.1.2:
    version "0.1.3"
    resolved "https://registry.yarnpkg.com/findup-sync/-/findup-sync-0.1.3.tgz#7f3e7a97b82392c653bf06589bd85190e93c3683"
    dependencies:
      glob "~3.2.9"
      lodash "~2.4.1"
  
  findup-sync@~0.3.0:
    version "0.3.0"
    resolved "https://registry.yarnpkg.com/findup-sync/-/findup-sync-0.3.0.tgz#37930aa5d816b777c03445e1966cc6790a4c0b16"
    dependencies:
      glob "~5.0.0"
  
  forever-agent@~0.5.0:
    version "0.5.2"
    resolved "https://registry.yarnpkg.com/forever-agent/-/forever-agent-0.5.2.tgz#6d0e09c4921f94a27f63d3b49c5feff1ea4c5130"
  
  forever-agent@~0.6.1:
    version "0.6.1"
    resolved "https://registry.yarnpkg.com/forever-agent/-/forever-agent-0.6.1.tgz#fbc71f0c41adeb37f96c577ad1ed42d8fdacca91"
  
  form-data@~0.1.0:
    version "0.1.4"
    resolved "https://registry.yarnpkg.com/form-data/-/form-data-0.1.4.tgz#91abd788aba9702b1aabfa8bc01031a2ac9e3b12"
    dependencies:
      async "~0.9.0"
      combined-stream "~0.0.4"
      mime "~1.2.11"
  
  form-data@~2.3.1:
    version "2.3.2"
    resolved "https://registry.yarnpkg.com/form-data/-/form-data-2.3.2.tgz#4970498be604c20c005d4f5c23aecd21d6b49099"
    dependencies:
      asynckit "^0.4.0"
      combined-stream "1.0.6"
      mime-types "^2.1.12"
  
  formidable@1.0.14:
    version "1.0.14"
    resolved "https://registry.yarnpkg.com/formidable/-/formidable-1.0.14.tgz#2b3f4c411cbb5fdd695c44843e2a23514a43231a"
  
  fresh@0.1.0:
    version "0.1.0"
    resolved "https://registry.yarnpkg.com/fresh/-/fresh-0.1.0.tgz#03e4b0178424e4c2d5d19a54d8814cdc97934850"
  
  fs-extra@^0.30.0:
    version "0.30.0"
    resolved "https://registry.yarnpkg.com/fs-extra/-/fs-extra-0.30.0.tgz#f233ffcc08d4da7d432daa449776989db1df93f0"
    dependencies:
      graceful-fs "^4.1.2"
      jsonfile "^2.1.0"
      klaw "^1.0.0"
      path-is-absolute "^1.0.0"
      rimraf "^2.2.8"
  
  fs.realpath@^1.0.0:
    version "1.0.0"
    resolved "https://registry.yarnpkg.com/fs.realpath/-/fs.realpath-1.0.0.tgz#1504ad2523158caa40db4a2787cb01411994ea4f"
  
  fstream-ignore@^1.0.5:
    version "1.0.5"
    resolved "https://registry.yarnpkg.com/fstream-ignore/-/fstream-ignore-1.0.5.tgz#9c31dae34767018fe1d249b24dada67d092da105"
    dependencies:
      fstream "^1.0.0"
      inherits "2"
      minimatch "^3.0.0"
  
  fstream@^1.0.0, fstream@^1.0.10, fstream@^1.0.2:
    version "1.0.11"
    resolved "https://registry.yarnpkg.com/fstream/-/fstream-1.0.11.tgz#5c1fb1f117477114f0632a0eb4b71b3cb0fd3171"
    dependencies:
      graceful-fs "^4.1.2"
      inherits "~2.0.0"
      mkdirp ">=0.5 0"
      rimraf "2"
  
  fstream@~0.1.28:
    version "0.1.31"
    resolved "https://registry.yarnpkg.com/fstream/-/fstream-0.1.31.tgz#7337f058fbbbbefa8c9f561a28cab0849202c988"
    dependencies:
      graceful-fs "~3.0.2"
      inherits "~2.0.0"
      mkdirp "0.5"
      rimraf "2"
  
  gauge@~2.7.3:
    version "2.7.4"
    resolved "https://registry.yarnpkg.com/gauge/-/gauge-2.7.4.tgz#2c03405c7538c39d7eb37b317022e325fb018bf7"
    dependencies:
      aproba "^1.0.3"
      console-control-strings "^1.0.0"
      has-unicode "^2.0.0"
      object-assign "^4.1.0"
      signal-exit "^3.0.0"
      string-width "^1.0.1"
      strip-ansi "^3.0.1"
      wide-align "^1.1.0"
  
  gaze@~0.4.0:
    version "0.4.3"
    resolved "https://registry.yarnpkg.com/gaze/-/gaze-0.4.3.tgz#e538f4ff5e4fe648f473a97e1ebb253d2de127b5"
    dependencies:
      globule "~0.1.0"
  
  generator-impress@^0.1.2:
    version "0.1.2"
    resolved "https://registry.yarnpkg.com/generator-impress/-/generator-impress-0.1.2.tgz#192f79fa788563cbf87259bbd6f1ede67030b1bd"
    dependencies:
      yeoman-generator "~0.13.4"
  
  get-stdin@^4.0.1:
    version "4.0.1"
    resolved "https://registry.yarnpkg.com/get-stdin/-/get-stdin-4.0.1.tgz#b968c6b0a04384324902e8bf1a5df32579a450fe"
  
  getobject@~0.1.0:
    version "0.1.0"
    resolved "https://registry.yarnpkg.com/getobject/-/getobject-0.1.0.tgz#047a449789fa160d018f5486ed91320b6ec7885c"
  
  getpass@^0.1.1:
    version "0.1.7"
    resolved "https://registry.yarnpkg.com/getpass/-/getpass-0.1.7.tgz#5eff8e3e684d569ae4cb2b1282604e8ba62149fa"
    dependencies:
      assert-plus "^1.0.0"
  
  glob@^7.0.0, glob@^7.0.5:
    version "7.1.2"
    resolved "https://registry.yarnpkg.com/glob/-/glob-7.1.2.tgz#c19c9df9a028702d678612384a6552404c636d15"
    dependencies:
      fs.realpath "^1.0.0"
      inflight "^1.0.4"
      inherits "2"
      minimatch "^3.0.4"
      once "^1.3.0"
      path-is-absolute "^1.0.0"
  
  glob@~3.1.21:
    version "3.1.21"
    resolved "https://registry.yarnpkg.com/glob/-/glob-3.1.21.tgz#d29e0a055dea5138f4d07ed40e8982e83c2066cd"
    dependencies:
      graceful-fs "~1.2.0"
      inherits "1"
      minimatch "~0.2.11"
  
  glob@~3.2.0, glob@~3.2.9:
    version "3.2.11"
    resolved "https://registry.yarnpkg.com/glob/-/glob-3.2.11.tgz#4a973f635b9190f715d10987d5c00fd2815ebe3d"
    dependencies:
      inherits "2"
      minimatch "0.3"
  
  glob@~5.0.0:
    version "5.0.15"
    resolved "https://registry.yarnpkg.com/glob/-/glob-5.0.15.tgz#1bc936b9e02f4a603fcc222ecf7633d30b8b93b1"
    dependencies:
      inflight "^1.0.4"
      inherits "2"
      minimatch "2 || 3"
      once "^1.3.0"
      path-is-absolute "^1.0.0"
  
  glob@~7.0.0:
    version "7.0.6"
    resolved "https://registry.yarnpkg.com/glob/-/glob-7.0.6.tgz#211bafaf49e525b8cd93260d14ab136152b3f57a"
    dependencies:
      fs.realpath "^1.0.0"
      inflight "^1.0.4"
      inherits "2"
      minimatch "^3.0.2"
      once "^1.3.0"
      path-is-absolute "^1.0.0"
  
  global@^4.3.2:
    version "4.3.2"
    resolved "https://registry.yarnpkg.com/global/-/global-4.3.2.tgz#e76989268a6c74c38908b1305b10fc0e394e9d0f"
    dependencies:
      min-document "^2.19.0"
      process "~0.5.1"
  
  globalstorage@^0.2.0:
    version "0.2.0"
    resolved "https://registry.yarnpkg.com/globalstorage/-/globalstorage-0.2.0.tgz#6be52b37e2c17a8a4a795a2dce483ea762aea8bc"
    dependencies:
      metarhia-common "^0.0.25"
      metarhia-jstp "^1.0.0"
      metasync "^0.3.20"
      mkdirp "^0.5.1"
  
  globule@~0.1.0:
    version "0.1.0"
    resolved "https://registry.yarnpkg.com/globule/-/globule-0.1.0.tgz#d9c8edde1da79d125a151b79533b978676346ae5"
    dependencies:
      glob "~3.1.21"
      lodash "~1.0.1"
      minimatch "~0.2.11"
  
  graceful-fs@^4.1.0, graceful-fs@^4.1.2, graceful-fs@^4.1.6, graceful-fs@^4.1.9:
    version "4.1.11"
    resolved "https://registry.yarnpkg.com/graceful-fs/-/graceful-fs-4.1.11.tgz#0e8bdfe4d1ddb8854d64e04ea7c00e2a026e5658"
  
  graceful-fs@~1.2.0:
    version "1.2.3"
    resolved "https://registry.yarnpkg.com/graceful-fs/-/graceful-fs-1.2.3.tgz#15a4806a57547cb2d2dbf27f42e89a8c3451b364"
  
  graceful-fs@~3.0.2:
    version "3.0.11"
    resolved "https://registry.yarnpkg.com/graceful-fs/-/graceful-fs-3.0.11.tgz#7613c778a1afea62f25c630a086d7f3acbbdd818"
    dependencies:
      natives "^1.1.0"
  
  grunt-cli@~1.2.0:
    version "1.2.0"
    resolved "https://registry.yarnpkg.com/grunt-cli/-/grunt-cli-1.2.0.tgz#562b119ebb069ddb464ace2845501be97b35b6a8"
    dependencies:
      findup-sync "~0.3.0"
      grunt-known-options "~1.1.0"
      nopt "~3.0.6"
      resolve "~1.1.0"
  
  grunt-contrib-connect@~0.2.0:
    version "0.2.0"
    resolved "https://registry.yarnpkg.com/grunt-contrib-connect/-/grunt-contrib-connect-0.2.0.tgz#49dd577bcd4bebfcdbbe8935b185d8ec696642be"
    dependencies:
      connect "~2.7.3"
  
  grunt-contrib-watch@~0.5.2:
    version "0.5.3"
    resolved "https://registry.yarnpkg.com/grunt-contrib-watch/-/grunt-contrib-watch-0.5.3.tgz#7d9eb5465d506fa14faaca47e6e8790a82c1c9ee"
    dependencies:
      gaze "~0.4.0"
      tiny-lr "0.0.4"
  
  grunt-known-options@~1.1.0:
    version "1.1.0"
    resolved "https://registry.yarnpkg.com/grunt-known-options/-/grunt-known-options-1.1.0.tgz#a4274eeb32fa765da5a7a3b1712617ce3b144149"
  
  grunt-legacy-log-utils@~1.0.0:
    version "1.0.0"
    resolved "https://registry.yarnpkg.com/grunt-legacy-log-utils/-/grunt-legacy-log-utils-1.0.0.tgz#a7b8e2d0fb35b5a50f4af986fc112749ebc96f3d"
    dependencies:
      chalk "~1.1.1"
      lodash "~4.3.0"
  
  grunt-legacy-log@~1.0.0:
    version "1.0.1"
    resolved "https://registry.yarnpkg.com/grunt-legacy-log/-/grunt-legacy-log-1.0.1.tgz#c7731b2745f4732aa9950ee4d7ae63c553f68469"
    dependencies:
      colors "~1.1.2"
      grunt-legacy-log-utils "~1.0.0"
      hooker "~0.2.3"
      lodash "~4.17.5"
      underscore.string "~3.3.4"
  
  grunt-legacy-util@~1.0.0:
    version "1.0.0"
    resolved "https://registry.yarnpkg.com/grunt-legacy-util/-/grunt-legacy-util-1.0.0.tgz#386aa78dc6ed50986c2b18957265b1b48abb9b86"
    dependencies:
      async "~1.5.2"
      exit "~0.1.1"
      getobject "~0.1.0"
      hooker "~0.2.3"
      lodash "~4.3.0"
      underscore.string "~3.2.3"
      which "~1.2.1"
  
  grunt-open@~0.2.0:
    version "0.2.3"
    resolved "https://registry.yarnpkg.com/grunt-open/-/grunt-open-0.2.3.tgz#145ac45026a57fcfaa433ffd7398ae46d2bd3957"
    dependencies:
      open "~0.0.4"
  
  grunt@^1.0.2:
    version "1.0.2"
    resolved "https://registry.yarnpkg.com/grunt/-/grunt-1.0.2.tgz#4e6a5e695b70472fd5304f5fa9e34236836a73bc"
    dependencies:
      coffeescript "~1.10.0"
      dateformat "~1.0.12"
      eventemitter2 "~0.4.13"
      exit "~0.1.1"
      findup-sync "~0.3.0"
      glob "~7.0.0"
      grunt-cli "~1.2.0"
      grunt-known-options "~1.1.0"
      grunt-legacy-log "~1.0.0"
      grunt-legacy-util "~1.0.0"
      iconv-lite "~0.4.13"
      js-yaml "~3.5.2"
      minimatch "~3.0.2"
      nopt "~3.0.6"
      path-is-absolute "~1.0.0"
      rimraf "~2.2.8"
  
  har-schema@^2.0.0:
    version "2.0.0"
    resolved "https://registry.yarnpkg.com/har-schema/-/har-schema-2.0.0.tgz#a94c2224ebcac04782a0d9035521f24735b7ec92"
  
  har-validator@~5.0.3:
    version "5.0.3"
    resolved "https://registry.yarnpkg.com/har-validator/-/har-validator-5.0.3.tgz#ba402c266194f15956ef15e0fcf242993f6a7dfd"
    dependencies:
      ajv "^5.1.0"
      har-schema "^2.0.0"
  
  has-ansi@^2.0.0:
    version "2.0.0"
    resolved "https://registry.yarnpkg.com/has-ansi/-/has-ansi-2.0.0.tgz#34f5049ce1ecdf2b0649af3ef24e45ed35416d91"
    dependencies:
      ansi-regex "^2.0.0"
  
  has-color@~0.1.0:
    version "0.1.7"
    resolved "https://registry.yarnpkg.com/has-color/-/has-color-0.1.7.tgz#67144a5260c34fc3cca677d041daf52fe7b78b2f"
  
  has-unicode@^2.0.0:
    version "2.0.1"
    resolved "https://registry.yarnpkg.com/has-unicode/-/has-unicode-2.0.1.tgz#e0e6fe6a28cf51138855e086d1691e771de2a8b9"
  
  hawk@~1.0.0:
    version "1.0.0"
    resolved "https://registry.yarnpkg.com/hawk/-/hawk-1.0.0.tgz#b90bb169807285411da7ffcb8dd2598502d3b52d"
    dependencies:
      boom "0.4.x"
      cryptiles "0.2.x"
      hoek "0.9.x"
      sntp "0.2.x"
  
  hawk@~6.0.2:
    version "6.0.2"
    resolved "https://registry.yarnpkg.com/hawk/-/hawk-6.0.2.tgz#af4d914eb065f9b5ce4d9d11c1cb2126eecc3038"
    dependencies:
      boom "4.x.x"
      cryptiles "3.x.x"
      hoek "4.x.x"
      sntp "2.x.x"
  
  hoek@0.9.x:
    version "0.9.1"
    resolved "https://registry.yarnpkg.com/hoek/-/hoek-0.9.1.tgz#3d322462badf07716ea7eb85baf88079cddce505"
  
  hoek@4.x.x:
    version "4.2.1"
    resolved "https://registry.yarnpkg.com/hoek/-/hoek-4.2.1.tgz#9634502aa12c445dd5a7c5734b572bb8738aacbb"
  
  home-path@^1.0.1:
    version "1.0.5"
    resolved "https://registry.yarnpkg.com/home-path/-/home-path-1.0.5.tgz#788b29815b12d53bacf575648476e6f9041d133f"
  
  hooker@~0.2.3:
    version "0.2.3"
    resolved "https://registry.yarnpkg.com/hooker/-/hooker-0.2.3.tgz#b834f723cc4a242aa65963459df6d984c5d3d959"
  
  hosted-git-info@^2.1.4:
    version "2.6.0"
    resolved "https://registry.yarnpkg.com/hosted-git-info/-/hosted-git-info-2.6.0.tgz#23235b29ab230c576aab0d4f13fc046b0b038222"
  
  htmlparser2@3.1.4:
    version "3.1.4"
    resolved "https://registry.yarnpkg.com/htmlparser2/-/htmlparser2-3.1.4.tgz#72cbe7d5d56c01acf61fcf7b933331f4e45b36f0"
    dependencies:
      domelementtype "1"
      domhandler "2.0"
      domutils "1.1"
      readable-stream "1.0"
  
  http-signature@~0.10.0:
    version "0.10.1"
    resolved "https://registry.yarnpkg.com/http-signature/-/http-signature-0.10.1.tgz#4fbdac132559aa8323121e540779c0a012b27e66"
    dependencies:
      asn1 "0.1.11"
      assert-plus "^0.1.5"
      ctype "0.5.3"
  
  http-signature@~1.2.0:
    version "1.2.0"
    resolved "https://registry.yarnpkg.com/http-signature/-/http-signature-1.2.0.tgz#9aecd925114772f3d95b65a60abb8f7c18fbace1"
    dependencies:
      assert-plus "^1.0.0"
      jsprim "^1.2.2"
      sshpk "^1.7.0"
  
  iconv-lite@^0.4.19, iconv-lite@~0.4.13:
    version "0.4.19"
    resolved "https://registry.yarnpkg.com/iconv-lite/-/iconv-lite-0.4.19.tgz#f7468f60135f5e5dad3399c0a81be9a1603a082b"
  
  iconv-lite@~0.2.10:
    version "0.2.11"
    resolved "https://registry.yarnpkg.com/iconv-lite/-/iconv-lite-0.2.11.tgz#1ce60a3a57864a292d1321ff4609ca4bb965adc8"
  
  impress@^0.5.1:
    version "0.5.1"
    resolved "https://registry.yarnpkg.com/impress/-/impress-0.5.1.tgz#656ac15d42ae0c170a15ee6be8e08dd74beac8e5"
    dependencies:
      accept-language "^3.0.18"
      bcrypt "^1.0.3"
      concolor "^0.1.6"
      csv "^2.0.0"
      globalstorage "^0.2.0"
      iconv-lite "^0.4.19"
      maojian "^0.0.5"
      metarhia-common "^0.0.25"
      metarhia-jstp "^1.1.0"
      metaschema "^0.0.6"
      metasync "^0.3.20"
      mkdirp "^0.5.1"
      multiparty "^4.1.3"
      ncp "^2.0.0"
      sandboxed-fs "^0.3.0"
      uglify-js "^3.3.12"
      websocket "^1.0.25"
      zip-stream "^1.2.0"
  
  indent-string@^2.1.0:
    version "2.1.0"
    resolved "https://registry.yarnpkg.com/indent-string/-/indent-string-2.1.0.tgz#8e2d48348742121b4a8218b7a137e9a52049dc80"
    dependencies:
      repeating "^2.0.0"
  
  inflight@^1.0.4:
    version "1.0.6"
    resolved "https://registry.yarnpkg.com/inflight/-/inflight-1.0.6.tgz#49bd6331d7d02d0c09bc910a1075ba8165b56df9"
    dependencies:
      once "^1.3.0"
      wrappy "1"
  
  inherits@1:
    version "1.0.2"
    resolved "https://registry.yarnpkg.com/inherits/-/inherits-1.0.2.tgz#ca4309dadee6b54cc0b8d247e8d7c7a0975bdc9b"
  
  inherits@2, inherits@^2.0.3, inherits@~2.0.0, inherits@~2.0.1, inherits@~2.0.3:
    version "2.0.3"
    resolved "https://registry.yarnpkg.com/inherits/-/inherits-2.0.3.tgz#633c2c83e3da42a502f52466022480f4208261de"
  
  ini@~1.3.0:
    version "1.3.5"
    resolved "https://registry.yarnpkg.com/ini/-/ini-1.3.5.tgz#eee25f56db1c9ec6085e0c22778083f596abf927"
  
  inquirer@~0.3.1:
    version "0.3.5"
    resolved "https://registry.yarnpkg.com/inquirer/-/inquirer-0.3.5.tgz#a78be064ac9abf168147c02169a931d9a483a9f6"
    dependencies:
      async "~0.2.8"
      cli-color "~0.2.2"
      lodash "~1.2.1"
      mute-stream "0.0.3"
  
  is-arrayish@^0.2.1:
    version "0.2.1"
    resolved "https://registry.yarnpkg.com/is-arrayish/-/is-arrayish-0.2.1.tgz#77c99840527aa8ecb1a8ba697b80645a7a926a9d"
  
  is-builtin-module@^1.0.0:
    version "1.0.0"
    resolved "https://registry.yarnpkg.com/is-builtin-module/-/is-builtin-module-1.0.0.tgz#540572d34f7ac3119f8f76c30cbc1b1e037affbe"
    dependencies:
      builtin-modules "^1.0.0"
  
  is-finite@^1.0.0:
    version "1.0.2"
    resolved "https://registry.yarnpkg.com/is-finite/-/is-finite-1.0.2.tgz#cc6677695602be550ef11e8b4aa6305342b6d0aa"
    dependencies:
      number-is-nan "^1.0.0"
  
  is-fullwidth-code-point@^1.0.0:
    version "1.0.0"
    resolved "https://registry.yarnpkg.com/is-fullwidth-code-point/-/is-fullwidth-code-point-1.0.0.tgz#ef9e31386f031a7f0d643af82fde50c457ef00cb"
    dependencies:
      number-is-nan "^1.0.0"
  
  is-typedarray@^1.0.0, is-typedarray@~1.0.0:
    version "1.0.0"
    resolved "https://registry.yarnpkg.com/is-typedarray/-/is-typedarray-1.0.0.tgz#e479c80858df0c1b11ddda6940f96011fcda4a9a"
  
  is-utf8@^0.2.0:
    version "0.2.1"
    resolved "https://registry.yarnpkg.com/is-utf8/-/is-utf8-0.2.1.tgz#4b0da1442104d1b336340e80797e865cf39f7d72"
  
  isarray@0.0.1:
    version "0.0.1"
    resolved "https://registry.yarnpkg.com/isarray/-/isarray-0.0.1.tgz#8a18acfca9a8f4177e09abfc6038939b05d1eedf"
  
  isarray@~1.0.0:
    version "1.0.0"
    resolved "https://registry.yarnpkg.com/isarray/-/isarray-1.0.0.tgz#bb935d48582cba168c06834957a54a3e07124f11"
  
  isbinaryfile@~0.1.8:
    version "0.1.9"
    resolved "https://registry.yarnpkg.com/isbinaryfile/-/isbinaryfile-0.1.9.tgz#15eece35c4ab708d8924da99fb874f2b5cc0b6c4"
  
  isexe@^2.0.0:
    version "2.0.0"
    resolved "https://registry.yarnpkg.com/isexe/-/isexe-2.0.0.tgz#e8fbf374dc556ff8947a10dcb0572d633f2cfa10"
  
  isstream@~0.1.2:
    version "0.1.2"
    resolved "https://registry.yarnpkg.com/isstream/-/isstream-0.1.2.tgz#47e63f7af55afa6f92e1500e690eb8b8529c099a"
  
  js-yaml@~3.5.2:
    version "3.5.5"
    resolved "https://registry.yarnpkg.com/js-yaml/-/js-yaml-3.5.5.tgz#0377c38017cabc7322b0d1fbcd25a491641f2fbe"
    dependencies:
      argparse "^1.0.2"
      esprima "^2.6.0"
  
  jsbn@~0.1.0:
    version "0.1.1"
    resolved "https://registry.yarnpkg.com/jsbn/-/jsbn-0.1.1.tgz#a5e654c2e5a2deb5f201d96cefbca80c0ef2f513"
  
  json-schema-traverse@^0.3.0:
    version "0.3.1"
    resolved "https://registry.yarnpkg.com/json-schema-traverse/-/json-schema-traverse-0.3.1.tgz#349a6d44c53a51de89b40805c5d5e59b417d3340"
  
  json-schema@0.2.3:
    version "0.2.3"
    resolved "https://registry.yarnpkg.com/json-schema/-/json-schema-0.2.3.tgz#b480c892e59a2f05954ce727bd3f2a4e882f9e13"
  
  json-stringify-safe@~5.0.0, json-stringify-safe@~5.0.1:
    version "5.0.1"
    resolved "https://registry.yarnpkg.com/json-stringify-safe/-/json-stringify-safe-5.0.1.tgz#1296a2d58fd45f19a0f6ce01d65701e2c735b6eb"
  
  jsonfile@^2.1.0:
    version "2.4.0"
    resolved "https://registry.yarnpkg.com/jsonfile/-/jsonfile-2.4.0.tgz#3736a2b428b87bbda0cc83b53fa3d633a35c2ae8"
    optionalDependencies:
      graceful-fs "^4.1.6"
  
  jsprim@^1.2.2:
    version "1.4.1"
    resolved "https://registry.yarnpkg.com/jsprim/-/jsprim-1.4.1.tgz#313e66bc1e5cc06e438bc1b7499c2e5c56acb6a2"
    dependencies:
      assert-plus "1.0.0"
      extsprintf "1.3.0"
      json-schema "0.2.3"
      verror "1.10.0"
  
  klaw@^1.0.0:
    version "1.3.1"
    resolved "https://registry.yarnpkg.com/klaw/-/klaw-1.3.1.tgz#4088433b46b3b1ba259d78785d8e96f73ba02439"
    optionalDependencies:
      graceful-fs "^4.1.9"
  
  lazystream@^1.0.0:
    version "1.0.0"
    resolved "https://registry.yarnpkg.com/lazystream/-/lazystream-1.0.0.tgz#f6995fe0f820392f61396be89462407bb77168e4"
    dependencies:
      readable-stream "^2.0.5"
  
  load-json-file@^1.0.0:
    version "1.1.0"
    resolved "https://registry.yarnpkg.com/load-json-file/-/load-json-file-1.1.0.tgz#956905708d58b4bab4c2261b04f59f31c99374c0"
    dependencies:
      graceful-fs "^4.1.2"
      parse-json "^2.2.0"
      pify "^2.0.0"
      pinkie-promise "^2.0.0"
      strip-bom "^2.0.0"
  
  lodash.get@~4.4.2:
    version "4.4.2"
    resolved "https://registry.yarnpkg.com/lodash.get/-/lodash.get-4.4.2.tgz#2d177f652fa31e939b4438d5341499dfa3825e99"
  
  lodash@^4.8.0, lodash@~4.17.5:
    version "4.17.5"
    resolved "https://registry.yarnpkg.com/lodash/-/lodash-4.17.5.tgz#99a92d65c0272debe8c96b6057bc8fbfa3bed511"
  
  lodash@~1.0.1:
    version "1.0.2"
    resolved "https://registry.yarnpkg.com/lodash/-/lodash-1.0.2.tgz#8f57560c83b59fc270bd3d561b690043430e2551"
  
  lodash@~1.2.1:
    version "1.2.1"
    resolved "https://registry.yarnpkg.com/lodash/-/lodash-1.2.1.tgz#ed47b16e46f06b2b40309b68e9163c17e93ea304"
  
  lodash@~1.3.0:
    version "1.3.1"
    resolved "https://registry.yarnpkg.com/lodash/-/lodash-1.3.1.tgz#a4663b53686b895ff074e2ba504dfb76a8e2b770"
  
  lodash@~2.4.1:
    version "2.4.2"
    resolved "https://registry.yarnpkg.com/lodash/-/lodash-2.4.2.tgz#fadd834b9683073da179b3eae6d9c0d15053f73e"
  
  lodash@~4.3.0:
    version "4.3.0"
    resolved "https://registry.yarnpkg.com/lodash/-/lodash-4.3.0.tgz#efd9c4a6ec53f3b05412429915c3e4824e4d25a4"
  
  loud-rejection@^1.0.0:
    version "1.6.0"
    resolved "https://registry.yarnpkg.com/loud-rejection/-/loud-rejection-1.6.0.tgz#5b46f80147edee578870f086d04821cf998e551f"
    dependencies:
      currently-unhandled "^0.4.1"
      signal-exit "^3.0.0"
  
  lru-cache@2:
    version "2.7.3"
    resolved "https://registry.yarnpkg.com/lru-cache/-/lru-cache-2.7.3.tgz#6d4524e8b955f95d4f5b58851ce21dd72fb4e952"
  
  maojian@^0.0.5:
    version "0.0.5"
    resolved "https://registry.yarnpkg.com/maojian/-/maojian-0.0.5.tgz#20d4af30948dd445caea112d8fd3a38e4f531323"
    dependencies:
      metarhia-common "^0.0.25"
      metasync "^0.3.20"
  
  map-obj@^1.0.0, map-obj@^1.0.1:
    version "1.0.1"
    resolved "https://registry.yarnpkg.com/map-obj/-/map-obj-1.0.1.tgz#d933ceb9205d82bdcf4886f6742bdc2b4dea146d"
  
  matchdep@~0.1.2:
    version "0.1.2"
    resolved "https://registry.yarnpkg.com/matchdep/-/matchdep-0.1.2.tgz#2f539f081d069f3205a31e6153739bfd13c662c6"
    dependencies:
      minimatch "~0.2.9"
  
  memoizee@~0.2.5:
    version "0.2.6"
    resolved "https://registry.yarnpkg.com/memoizee/-/memoizee-0.2.6.tgz#bb45a7ad02530082f1612671dab35219cd2e0741"
    dependencies:
      es5-ext "~0.9.2"
      event-emitter "~0.2.2"
      next-tick "0.1.x"
  
  meow@^3.1.0, meow@^3.3.0:
    version "3.7.0"
    resolved "https://registry.yarnpkg.com/meow/-/meow-3.7.0.tgz#72cb668b425228290abbfa856892587308a801fb"
    dependencies:
      camelcase-keys "^2.0.0"
      decamelize "^1.1.2"
      loud-rejection "^1.0.0"
      map-obj "^1.0.1"
      minimist "^1.1.3"
      normalize-package-data "^2.3.4"
      object-assign "^4.0.1"
      read-pkg-up "^1.0.1"
      redent "^1.0.0"
      trim-newlines "^1.0.0"
  
  metarhia-common@0.0.25, metarhia-common@^0.0.25:
    version "0.0.25"
    resolved "https://registry.yarnpkg.com/metarhia-common/-/metarhia-common-0.0.25.tgz#2497315ab8f10dcea1ee1d0fdb508bc81e60c806"
  
  metarhia-common@^0.0.24:
    version "0.0.24"
    resolved "https://registry.yarnpkg.com/metarhia-common/-/metarhia-common-0.0.24.tgz#a2ccbef1c52582726550b43821722a62a1666da9"
  
  metarhia-jstp@^0.6.8:
    version "0.6.8"
    resolved "https://registry.yarnpkg.com/metarhia-jstp/-/metarhia-jstp-0.6.8.tgz#c42280d153482d3b0a1f6fb3d1d294e393c7778e"
    dependencies:
      websocket "^1.0.24"
  
  metarhia-jstp@^1.0.0, metarhia-jstp@^1.1.0:
    version "1.1.0"
    resolved "https://registry.yarnpkg.com/metarhia-jstp/-/metarhia-jstp-1.1.0.tgz#9eeb1a89340296846d38c1f310d1974dfe8f0291"
    dependencies:
      semver "^5.5.0"
      uuid "^3.2.1"
      websocket "^1.0.25"
  
  metaschema@^0.0.6:
    version "0.0.6"
    resolved "https://registry.yarnpkg.com/metaschema/-/metaschema-0.0.6.tgz#56155c176566e2811fa276cccd9288673fd62ab8"
    dependencies:
      metarhia-common "^0.0.24"
      metarhia-jstp "^0.6.8"
  
  metasync@^0.3.20:
    version "0.3.20"
    resolved "https://registry.yarnpkg.com/metasync/-/metasync-0.3.20.tgz#baec322c46c7a87a8e1b76d2ba67c4d69297a786"
    dependencies:
      metarhia-common "0.0.25"
  
  mime-db@~1.33.0:
    version "1.33.0"
    resolved "https://registry.yarnpkg.com/mime-db/-/mime-db-1.33.0.tgz#a3492050a5cb9b63450541e39d9788d2272783db"
  
  mime-types@^2.1.12, mime-types@~2.1.17:
    version "2.1.18"
    resolved "https://registry.yarnpkg.com/mime-types/-/mime-types-2.1.18.tgz#6f323f60a83d11146f831ff11fd66e2fe5503bb8"
    dependencies:
      mime-db "~1.33.0"
  
  mime@~1.2.11, mime@~1.2.9:
    version "1.2.11"
    resolved "https://registry.yarnpkg.com/mime/-/mime-1.2.11.tgz#58203eed86e3a5ef17aed2b7d9ebd47f0a60dd10"
  
  min-document@^2.19.0:
    version "2.19.0"
    resolved "https://registry.yarnpkg.com/min-document/-/min-document-2.19.0.tgz#7bd282e3f5842ed295bb748cdd9f1ffa2c824685"
    dependencies:
      dom-walk "^0.1.0"
  
  minimatch@0.3:
    version "0.3.0"
    resolved "https://registry.yarnpkg.com/minimatch/-/minimatch-0.3.0.tgz#275d8edaac4f1bb3326472089e7949c8394699dd"
    dependencies:
      lru-cache "2"
      sigmund "~1.0.0"
  
  "minimatch@2 || 3", minimatch@^3.0.0, minimatch@^3.0.2, minimatch@^3.0.4, minimatch@~3.0.2:
    version "3.0.4"
    resolved "https://registry.yarnpkg.com/minimatch/-/minimatch-3.0.4.tgz#5166e286457f03306064be5497e8dbb0c3d32083"
    dependencies:
      brace-expansion "^1.1.7"
  
  minimatch@~0.2.11, minimatch@~0.2.9:
    version "0.2.14"
    resolved "https://registry.yarnpkg.com/minimatch/-/minimatch-0.2.14.tgz#c74e780574f63c6f9a090e90efbe6ef53a6a756a"
    dependencies:
      lru-cache "2"
      sigmund "~1.0.0"
  
  minimist@0.0.8:
    version "0.0.8"
    resolved "https://registry.yarnpkg.com/minimist/-/minimist-0.0.8.tgz#857fcabfc3397d2625b8228262e86aa7a011b05d"
  
  minimist@^1.1.0, minimist@^1.1.3, minimist@^1.2.0:
    version "1.2.0"
    resolved "https://registry.yarnpkg.com/minimist/-/minimist-1.2.0.tgz#a35008b20f41383eec1fb914f4cd5df79a264284"
  
  mkdirp@0.5, "mkdirp@>=0.5 0", mkdirp@^0.5.1:
    version "0.5.1"
    resolved "https://registry.yarnpkg.com/mkdirp/-/mkdirp-0.5.1.tgz#30057438eac6cf7f8c4767f38648d6697d75c903"
    dependencies:
      minimist "0.0.8"
  
  mkdirp@0.5.0:
    version "0.5.0"
    resolved "https://registry.yarnpkg.com/mkdirp/-/mkdirp-0.5.0.tgz#1d73076a6df986cd9344e15e71fcc05a4c9abf12"
    dependencies:
      minimist "0.0.8"
  
  mkdirp@~0.3.5:
    version "0.3.5"
    resolved "https://registry.yarnpkg.com/mkdirp/-/mkdirp-0.3.5.tgz#de3e5f8961c88c787ee1368df849ac4413eca8d7"
  
  moment@~2.0.0:
    version "2.0.0"
    resolved "https://registry.yarnpkg.com/moment/-/moment-2.0.0.tgz#2bbc5b44c321837693ab6efcadbd46ed946211fe"
  
  ms@2.0.0:
    version "2.0.0"
    resolved "https://registry.yarnpkg.com/ms/-/ms-2.0.0.tgz#5608aeadfc00be6c2901df5f9861788de0d597c8"
  
  multiparty@^4.1.3:
    version "4.1.3"
    resolved "https://registry.yarnpkg.com/multiparty/-/multiparty-4.1.3.tgz#3c43c7fcb1896e17460436a9dd0b6ef1668e4f94"
    dependencies:
      fd-slicer "~1.0.1"
  
  mute-stream@0.0.3:
    version "0.0.3"
    resolved "https://registry.yarnpkg.com/mute-stream/-/mute-stream-0.0.3.tgz#f09c090d333b3063f615cbbcca71b349893f0152"
  
  nan@2.6.2:
    version "2.6.2"
    resolved "https://registry.yarnpkg.com/nan/-/nan-2.6.2.tgz#e4ff34e6c95fdfb5aecc08de6596f43605a7db45"
  
  nan@^2.3.3:
    version "2.10.0"
    resolved "https://registry.yarnpkg.com/nan/-/nan-2.10.0.tgz#96d0cd610ebd58d4b4de9cc0c6828cda99c7548f"
  
  natives@^1.1.0:
    version "1.1.2"
    resolved "https://registry.yarnpkg.com/natives/-/natives-1.1.2.tgz#4437ca1ed8a7f047531ccdfaf2792853df4efa1c"
  
  ncp@^2.0.0:
    version "2.0.0"
    resolved "https://registry.yarnpkg.com/ncp/-/ncp-2.0.0.tgz#195a21d6c46e361d2fb1281ba38b91e9df7bdbb3"
  
  next-tick@0.1.x:
    version "0.1.0"
    resolved "https://registry.yarnpkg.com/next-tick/-/next-tick-0.1.0.tgz#1912cce8eb9b697d640fbba94f8f00dec3b94259"
  
  node-pre-gyp@0.6.36:
    version "0.6.36"
    resolved "https://registry.yarnpkg.com/node-pre-gyp/-/node-pre-gyp-0.6.36.tgz#db604112cb74e0d477554e9b505b17abddfab786"
    dependencies:
      mkdirp "^0.5.1"
      nopt "^4.0.1"
      npmlog "^4.0.2"
      rc "^1.1.7"
      request "^2.81.0"
      rimraf "^2.6.1"
      semver "^5.3.0"
      tar "^2.2.1"
      tar-pack "^3.4.0"
  
  node-uuid@~1.4.0:
    version "1.4.8"
    resolved "https://registry.yarnpkg.com/node-uuid/-/node-uuid-1.4.8.tgz#b040eb0923968afabf8d32fb1f17f1167fdab907"
  
  nopt@^4.0.1:
    version "4.0.1"
    resolved "https://registry.yarnpkg.com/nopt/-/nopt-4.0.1.tgz#d0d4685afd5415193c8c7505602d0d17cd64474d"
    dependencies:
      abbrev "1"
      osenv "^0.1.4"
  
  nopt@~2.0.0:
    version "2.0.0"
    resolved "https://registry.yarnpkg.com/nopt/-/nopt-2.0.0.tgz#ca7416f20a5e3f9c3b86180f96295fa3d0b52e0d"
    dependencies:
      abbrev "1"
  
  nopt@~3.0.6:
    version "3.0.6"
    resolved "https://registry.yarnpkg.com/nopt/-/nopt-3.0.6.tgz#c6465dbf08abcd4db359317f79ac68a646b28ff9"
    dependencies:
      abbrev "1"
  
  noptify@latest:
    version "0.0.3"
    resolved "https://registry.yarnpkg.com/noptify/-/noptify-0.0.3.tgz#58f654a73d9753df0c51d9686dc92104a67f4bbb"
    dependencies:
      nopt "~2.0.0"
  
  normalize-package-data@^2.3.2, normalize-package-data@^2.3.4:
    version "2.4.0"
    resolved "https://registry.yarnpkg.com/normalize-package-data/-/normalize-package-data-2.4.0.tgz#12f95a307d58352075a04907b84ac8be98ac012f"
    dependencies:
      hosted-git-info "^2.1.4"
      is-builtin-module "^1.0.0"
      semver "2 || 3 || 4 || 5"
      validate-npm-package-license "^3.0.1"
  
  normalize-path@^2.0.0:
    version "2.1.1"
    resolved "https://registry.yarnpkg.com/normalize-path/-/normalize-path-2.1.1.tgz#1ab28b556e198363a8c1a6f7e6fa20137fe6aed9"
    dependencies:
      remove-trailing-separator "^1.0.1"
  
  npmlog@^4.0.2:
    version "4.1.2"
    resolved "https://registry.yarnpkg.com/npmlog/-/npmlog-4.1.2.tgz#08a7f2a8bf734604779a9efa4ad5cc717abb954b"
    dependencies:
      are-we-there-yet "~1.1.2"
      console-control-strings "~1.1.0"
      gauge "~2.7.3"
      set-blocking "~2.0.0"
  
  nth-check@~1.0.0:
    version "1.0.1"
    resolved "https://registry.yarnpkg.com/nth-check/-/nth-check-1.0.1.tgz#9929acdf628fc2c41098deab82ac580cf149aae4"
    dependencies:
      boolbase "~1.0.0"
  
  nugget@^2.0.0:
    version "2.0.1"
    resolved "https://registry.yarnpkg.com/nugget/-/nugget-2.0.1.tgz#201095a487e1ad36081b3432fa3cada4f8d071b0"
    dependencies:
      debug "^2.1.3"
      minimist "^1.1.0"
      pretty-bytes "^1.0.2"
      progress-stream "^1.1.0"
      request "^2.45.0"
      single-line-log "^1.1.2"
      throttleit "0.0.2"
  
  number-is-nan@^1.0.0:
    version "1.0.1"
    resolved "https://registry.yarnpkg.com/number-is-nan/-/number-is-nan-1.0.1.tgz#097b602b53422a522c1afb8790318336941a011d"
  
  oauth-sign@~0.3.0:
    version "0.3.0"
    resolved "https://registry.yarnpkg.com/oauth-sign/-/oauth-sign-0.3.0.tgz#cb540f93bb2b22a7d5941691a288d60e8ea9386e"
  
  oauth-sign@~0.8.2:
    version "0.8.2"
    resolved "https://registry.yarnpkg.com/oauth-sign/-/oauth-sign-0.8.2.tgz#46a6ab7f0aead8deae9ec0565780b7d4efeb9d43"
  
  object-assign@^4.0.1, object-assign@^4.1.0:
    version "4.1.1"
    resolved "https://registry.yarnpkg.com/object-assign/-/object-assign-4.1.1.tgz#2109adc7965887cfc05cbbd442cac8bfbb360863"
  
  object-keys@~0.4.0:
    version "0.4.0"
    resolved "https://registry.yarnpkg.com/object-keys/-/object-keys-0.4.0.tgz#28a6aae7428dd2c3a92f3d95f21335dd204e0336"
  
  once@^1.3.0, once@^1.3.3:
    version "1.4.0"
    resolved "https://registry.yarnpkg.com/once/-/once-1.4.0.tgz#583b1aa775961d4b113ac17d9c50baef9dd76bd1"
    dependencies:
      wrappy "1"
  
  open@~0.0.4:
    version "0.0.5"
    resolved "https://registry.yarnpkg.com/open/-/open-0.0.5.tgz#42c3e18ec95466b6bf0dc42f3a2945c3f0cad8fc"
  
  os-homedir@^1.0.0:
    version "1.0.2"
    resolved "https://registry.yarnpkg.com/os-homedir/-/os-homedir-1.0.2.tgz#ffbc4988336e0e833de0c168c7ef152121aa7fb3"
  
  os-tmpdir@^1.0.0:
    version "1.0.2"
    resolved "https://registry.yarnpkg.com/os-tmpdir/-/os-tmpdir-1.0.2.tgz#bbe67406c79aa85c5cfec766fe5734555dfa1274"
  
  osenv@^0.1.4:
    version "0.1.5"
    resolved "https://registry.yarnpkg.com/osenv/-/osenv-0.1.5.tgz#85cdfafaeb28e8677f416e287592b5f3f49ea410"
    dependencies:
      os-homedir "^1.0.0"
      os-tmpdir "^1.0.0"
  
  parse-json@^2.2.0:
    version "2.2.0"
    resolved "https://registry.yarnpkg.com/parse-json/-/parse-json-2.2.0.tgz#f480f40434ef80741f8469099f8dea18f55a4dc9"
    dependencies:
      error-ex "^1.2.0"
  
  path-exists@^2.0.0, path-exists@^2.1.0:
    version "2.1.0"
    resolved "https://registry.yarnpkg.com/path-exists/-/path-exists-2.1.0.tgz#0feb6c64f0fc518d9a754dd5efb62c7022761f4b"
    dependencies:
      pinkie-promise "^2.0.0"
  
  path-is-absolute@^1.0.0, path-is-absolute@~1.0.0:
    version "1.0.1"
    resolved "https://registry.yarnpkg.com/path-is-absolute/-/path-is-absolute-1.0.1.tgz#174b9268735534ffbc7ace6bf53a5a9e1b5c5f5f"
  
  path-type@^1.0.0:
    version "1.1.0"
    resolved "https://registry.yarnpkg.com/path-type/-/path-type-1.1.0.tgz#59c44f7ee491da704da415da5a4070ba4f8fe441"
    dependencies:
      graceful-fs "^4.1.2"
      pify "^2.0.0"
      pinkie-promise "^2.0.0"
  
  pause@0.0.1:
    version "0.0.1"
    resolved "https://registry.yarnpkg.com/pause/-/pause-0.0.1.tgz#1d408b3fdb76923b9543d96fb4c9dfd535d9cb5d"
  
  pend@~1.2.0:
    version "1.2.0"
    resolved "https://registry.yarnpkg.com/pend/-/pend-1.2.0.tgz#7a57eb550a6783f9115331fcf4663d5c8e007a50"
  
  performance-now@^2.1.0:
    version "2.1.0"
    resolved "https://registry.yarnpkg.com/performance-now/-/performance-now-2.1.0.tgz#6309f4e0e5fa913ec1c69307ae364b4b377c9e7b"
  
  pify@^2.0.0:
    version "2.3.0"
    resolved "https://registry.yarnpkg.com/pify/-/pify-2.3.0.tgz#ed141a6ac043a849ea588498e7dca8b15330e90c"
  
  pinkie-promise@^2.0.0:
    version "2.0.1"
    resolved "https://registry.yarnpkg.com/pinkie-promise/-/pinkie-promise-2.0.1.tgz#2135d6dfa7a358c069ac9b178776288228450ffa"
    dependencies:
      pinkie "^2.0.0"
  
  pinkie@^2.0.0:
    version "2.0.4"
    resolved "https://registry.yarnpkg.com/pinkie/-/pinkie-2.0.4.tgz#72556b80cfa0d48a974e80e77248e80ed4f7f870"
  
  pretty-bytes@^1.0.2:
    version "1.0.4"
    resolved "https://registry.yarnpkg.com/pretty-bytes/-/pretty-bytes-1.0.4.tgz#0a22e8210609ad35542f8c8d5d2159aff0751c84"
    dependencies:
      get-stdin "^4.0.1"
      meow "^3.1.0"
  
  process-nextick-args@~2.0.0:
    version "2.0.0"
    resolved "https://registry.yarnpkg.com/process-nextick-args/-/process-nextick-args-2.0.0.tgz#a37d732f4271b4ab1ad070d35508e8290788ffaa"
  
  process@~0.5.1:
    version "0.5.2"
    resolved "https://registry.yarnpkg.com/process/-/process-0.5.2.tgz#1638d8a8e34c2f440a91db95ab9aeb677fc185cf"
  
  progress-stream@^1.1.0:
    version "1.2.0"
    resolved "https://registry.yarnpkg.com/progress-stream/-/progress-stream-1.2.0.tgz#2cd3cfea33ba3a89c9c121ec3347abe9ab125f77"
    dependencies:
      speedometer "~0.1.2"
      through2 "~0.2.3"
  
  punycode@^1.4.1:
    version "1.4.1"
    resolved "https://registry.yarnpkg.com/punycode/-/punycode-1.4.1.tgz#c0d5a63b2718800ad8e1eb0fa5269c84dd41845e"
  
  qs@0.6.5:
    version "0.6.5"
    resolved "https://registry.yarnpkg.com/qs/-/qs-0.6.5.tgz#294b268e4b0d4250f6dde19b3b8b34935dff14ef"
  
  qs@~0.5.2:
    version "0.5.6"
    resolved "https://registry.yarnpkg.com/qs/-/qs-0.5.6.tgz#31b1ad058567651c526921506b9a8793911a0384"
  
  qs@~0.6.0:
    version "0.6.6"
    resolved "https://registry.yarnpkg.com/qs/-/qs-0.6.6.tgz#6e015098ff51968b8a3c819001d5f2c89bc4b107"
  
  qs@~6.5.1:
    version "6.5.1"
    resolved "https://registry.yarnpkg.com/qs/-/qs-6.5.1.tgz#349cdf6eef89ec45c12d7d5eb3fc0c870343a6d8"
  
  range-parser@0.0.4:
    version "0.0.4"
    resolved "https://registry.yarnpkg.com/range-parser/-/range-parser-0.0.4.tgz#c0427ffef51c10acba0782a46c9602e744ff620b"
  
  rc@^1.1.2, rc@^1.1.7:
    version "1.2.6"
    resolved "https://registry.yarnpkg.com/rc/-/rc-1.2.6.tgz#eb18989c6d4f4f162c399f79ddd29f3835568092"
    dependencies:
      deep-extend "~0.4.0"
      ini "~1.3.0"
      minimist "^1.2.0"
      strip-json-comments "~2.0.1"
  
  read-pkg-up@^1.0.1:
    version "1.0.1"
    resolved "https://registry.yarnpkg.com/read-pkg-up/-/read-pkg-up-1.0.1.tgz#9d63c13276c065918d57f002a57f40a1b643fb02"
    dependencies:
      find-up "^1.0.0"
      read-pkg "^1.0.0"
  
  read-pkg@^1.0.0:
    version "1.1.0"
    resolved "https://registry.yarnpkg.com/read-pkg/-/read-pkg-1.1.0.tgz#f5ffaa5ecd29cb31c0474bca7d756b6bb29e3f28"
    dependencies:
      load-json-file "^1.0.0"
      normalize-package-data "^2.3.2"
      path-type "^1.0.0"
  
  readable-stream@1.0:
    version "1.0.34"
    resolved "https://registry.yarnpkg.com/readable-stream/-/readable-stream-1.0.34.tgz#125820e34bc842d2f2aaafafe4c2916ee32c157c"
    dependencies:
      core-util-is "~1.0.0"
      inherits "~2.0.1"
      isarray "0.0.1"
      string_decoder "~0.10.x"
  
  readable-stream@^2.0.0, readable-stream@^2.0.5, readable-stream@^2.0.6, readable-stream@^2.1.4, readable-stream@^2.2.2:
    version "2.3.5"
    resolved "https://registry.yarnpkg.com/readable-stream/-/readable-stream-2.3.5.tgz#b4f85003a938cbb6ecbce2a124fb1012bd1a838d"
    dependencies:
      core-util-is "~1.0.0"
      inherits "~2.0.3"
      isarray "~1.0.0"
      process-nextick-args "~2.0.0"
      safe-buffer "~5.1.1"
      string_decoder "~1.0.3"
      util-deprecate "~1.0.1"
  
  readable-stream@~1.1.9:
    version "1.1.14"
    resolved "https://registry.yarnpkg.com/readable-stream/-/readable-stream-1.1.14.tgz#7cf4c54ef648e3813084c636dd2079e166c081d9"
    dependencies:
      core-util-is "~1.0.0"
      inherits "~2.0.1"
      isarray "0.0.1"
      string_decoder "~0.10.x"
  
  redent@^1.0.0:
    version "1.0.0"
    resolved "https://registry.yarnpkg.com/redent/-/redent-1.0.0.tgz#cf916ab1fd5f1f16dfb20822dd6ec7f730c2afde"
    dependencies:
      indent-string "^2.1.0"
      strip-indent "^1.0.1"
  
  remove-trailing-separator@^1.0.1:
    version "1.1.0"
    resolved "https://registry.yarnpkg.com/remove-trailing-separator/-/remove-trailing-separator-1.1.0.tgz#c24bce2a283adad5bc3f58e0d48249b92379d8ef"
  
  repeating@^2.0.0:
    version "2.0.1"
    resolved "https://registry.yarnpkg.com/repeating/-/repeating-2.0.1.tgz#5214c53a926d3552707527fbab415dbc08d06dda"
    dependencies:
      is-finite "^1.0.0"
  
  request@^2.45.0, request@^2.81.0:
    version "2.85.0"
    resolved "https://registry.yarnpkg.com/request/-/request-2.85.0.tgz#5a03615a47c61420b3eb99b7dba204f83603e1fa"
    dependencies:
      aws-sign2 "~0.7.0"
      aws4 "^1.6.0"
      caseless "~0.12.0"
      combined-stream "~1.0.5"
      extend "~3.0.1"
      forever-agent "~0.6.1"
      form-data "~2.3.1"
      har-validator "~5.0.3"
      hawk "~6.0.2"
      http-signature "~1.2.0"
      is-typedarray "~1.0.0"
      isstream "~0.1.2"
      json-stringify-safe "~5.0.1"
      mime-types "~2.1.17"
      oauth-sign "~0.8.2"
      performance-now "^2.1.0"
      qs "~6.5.1"
      safe-buffer "^5.1.1"
      stringstream "~0.0.5"
      tough-cookie "~2.3.3"
      tunnel-agent "^0.6.0"
      uuid "^3.1.0"
  
  request@~2.25.0:
    version "2.25.0"
    resolved "https://registry.yarnpkg.com/request/-/request-2.25.0.tgz#dac1673181887fe0b2ce6bd7e12f46d554a02ce9"
    dependencies:
      aws-sign "~0.3.0"
      cookie-jar "~0.3.0"
      forever-agent "~0.5.0"
      form-data "~0.1.0"
      hawk "~1.0.0"
      http-signature "~0.10.0"
      json-stringify-safe "~5.0.0"
      mime "~1.2.9"
      node-uuid "~1.4.0"
      oauth-sign "~0.3.0"
      qs "~0.6.0"
      tunnel-agent "~0.3.0"
  
  resolve@~1.1.0:
    version "1.1.7"
    resolved "https://registry.yarnpkg.com/resolve/-/resolve-1.1.7.tgz#203114d82ad2c5ed9e8e0411b3932875e889e97b"
  
  rimraf@2, rimraf@^2.2.8, rimraf@^2.5.1, rimraf@^2.6.1:
    version "2.6.2"
    resolved "https://registry.yarnpkg.com/rimraf/-/rimraf-2.6.2.tgz#2ed8150d24a16ea8651e6d6ef0f47c4158ce7a36"
    dependencies:
      glob "^7.0.5"
  
  rimraf@~2.2.0, rimraf@~2.2.8:
    version "2.2.8"
    resolved "https://registry.yarnpkg.com/rimraf/-/rimraf-2.2.8.tgz#e439be2aaee327321952730f99a8929e4fc50582"
  
  safe-buffer@^5.0.1, safe-buffer@^5.1.1, safe-buffer@~5.1.0, safe-buffer@~5.1.1:
    version "5.1.1"
    resolved "https://registry.yarnpkg.com/safe-buffer/-/safe-buffer-5.1.1.tgz#893312af69b2123def71f57889001671eeb2c853"
  
  sandboxed-fs@^0.3.0:
    version "0.3.0"
    resolved "https://registry.yarnpkg.com/sandboxed-fs/-/sandboxed-fs-0.3.0.tgz#f869caf7e5193059c40a503c82bdf853dfa45cad"
  
  "semver@2 || 3 || 4 || 5", semver@^5.3.0, semver@^5.5.0:
    version "5.5.0"
    resolved "https://registry.yarnpkg.com/semver/-/semver-5.5.0.tgz#dc4bbc7a6ca9d916dee5d43516f0092b58f7b8ab"
  
  send@0.1.1:
    version "0.1.1"
    resolved "https://registry.yarnpkg.com/send/-/send-0.1.1.tgz#0bcfcbd03def6e2d8612e1abf8f4895b450c60c8"
    dependencies:
      debug "*"
      fresh "0.1.0"
      mime "~1.2.9"
      range-parser "0.0.4"
  
  set-blocking@~2.0.0:
    version "2.0.0"
    resolved "https://registry.yarnpkg.com/set-blocking/-/set-blocking-2.0.0.tgz#045f9782d011ae9a6803ddd382b24392b3d890f7"
  
  shelljs@~0.1.4:
    version "0.1.4"
    resolved "https://registry.yarnpkg.com/shelljs/-/shelljs-0.1.4.tgz#dfbbe78d56c3c0168d2fb79e10ecd1dbcb07ec0e"
  
  sigmund@~1.0.0:
    version "1.0.1"
    resolved "https://registry.yarnpkg.com/sigmund/-/sigmund-1.0.1.tgz#3ff21f198cad2175f9f3b781853fd94d0d19b590"
  
  signal-exit@^3.0.0:
    version "3.0.2"
    resolved "https://registry.yarnpkg.com/signal-exit/-/signal-exit-3.0.2.tgz#b5fdc08f1287ea1178628e415e25132b73646c6d"
  
  single-line-log@^1.1.2:
    version "1.1.2"
    resolved "https://registry.yarnpkg.com/single-line-log/-/single-line-log-1.1.2.tgz#c2f83f273a3e1a16edb0995661da0ed5ef033364"
    dependencies:
      string-width "^1.0.1"
  
  sntp@0.2.x:
    version "0.2.4"
    resolved "https://registry.yarnpkg.com/sntp/-/sntp-0.2.4.tgz#fb885f18b0f3aad189f824862536bceeec750900"
    dependencies:
      hoek "0.9.x"
  
  sntp@2.x.x:
    version "2.1.0"
    resolved "https://registry.yarnpkg.com/sntp/-/sntp-2.1.0.tgz#2c6cec14fedc2222739caf9b5c3d85d1cc5a2cc8"
    dependencies:
      hoek "4.x.x"
  
  source-map@~0.6.1:
    version "0.6.1"
    resolved "https://registry.yarnpkg.com/source-map/-/source-map-0.6.1.tgz#74722af32e9614e9c287a8d0bbde48b5e2f1a263"
  
  spdx-correct@^3.0.0:
    version "3.0.0"
    resolved "https://registry.yarnpkg.com/spdx-correct/-/spdx-correct-3.0.0.tgz#05a5b4d7153a195bc92c3c425b69f3b2a9524c82"
    dependencies:
      spdx-expression-parse "^3.0.0"
      spdx-license-ids "^3.0.0"
  
  spdx-exceptions@^2.1.0:
    version "2.1.0"
    resolved "https://registry.yarnpkg.com/spdx-exceptions/-/spdx-exceptions-2.1.0.tgz#2c7ae61056c714a5b9b9b2b2af7d311ef5c78fe9"
  
  spdx-expression-parse@^3.0.0:
    version "3.0.0"
    resolved "https://registry.yarnpkg.com/spdx-expression-parse/-/spdx-expression-parse-3.0.0.tgz#99e119b7a5da00e05491c9fa338b7904823b41d0"
    dependencies:
      spdx-exceptions "^2.1.0"
      spdx-license-ids "^3.0.0"
  
  spdx-license-ids@^3.0.0:
    version "3.0.0"
    resolved "https://registry.yarnpkg.com/spdx-license-ids/-/spdx-license-ids-3.0.0.tgz#7a7cd28470cc6d3a1cfe6d66886f6bc430d3ac87"
  
  speedometer@~0.1.2:
    version "0.1.4"
    resolved "https://registry.yarnpkg.com/speedometer/-/speedometer-0.1.4.tgz#9876dbd2a169d3115402d48e6ea6329c8816a50d"
  
  sprintf-js@^1.0.3:
    version "1.1.1"
    resolved "https://registry.yarnpkg.com/sprintf-js/-/sprintf-js-1.1.1.tgz#36be78320afe5801f6cea3ee78b6e5aab940ea0c"
  
  sprintf-js@~1.0.2:
    version "1.0.3"
    resolved "https://registry.yarnpkg.com/sprintf-js/-/sprintf-js-1.0.3.tgz#04e6926f662895354f3dd015203633b857297e2c"
  
  sshpk@^1.7.0:
    version "1.14.1"
    resolved "https://registry.yarnpkg.com/sshpk/-/sshpk-1.14.1.tgz#130f5975eddad963f1d56f92b9ac6c51fa9f83eb"
    dependencies:
      asn1 "~0.2.3"
      assert-plus "^1.0.0"
      dashdash "^1.12.0"
      getpass "^0.1.1"
    optionalDependencies:
      bcrypt-pbkdf "^1.0.0"
      ecc-jsbn "~0.1.1"
      jsbn "~0.1.0"
      tweetnacl "~0.14.0"
  
  stable@^0.1.6:
    version "0.1.6"
    resolved "https://registry.yarnpkg.com/stable/-/stable-0.1.6.tgz#910f5d2aed7b520c6e777499c1f32e139fdecb10"
  
  stream-transform@^1.0.0:
    version "1.0.2"
    resolved "https://registry.yarnpkg.com/stream-transform/-/stream-transform-1.0.2.tgz#47de4d15fbc29b7e2a7e54d25e99538876f114c1"
  
  string-width@^1.0.1, string-width@^1.0.2:
    version "1.0.2"
    resolved "https://registry.yarnpkg.com/string-width/-/string-width-1.0.2.tgz#118bdf5b8cdc51a2a7e70d211e07e2b0b9b107d3"
    dependencies:
      code-point-at "^1.0.0"
      is-fullwidth-code-point "^1.0.0"
      strip-ansi "^3.0.0"
  
  string_decoder@~0.10.x:
    version "0.10.31"
    resolved "https://registry.yarnpkg.com/string_decoder/-/string_decoder-0.10.31.tgz#62e203bc41766c6c28c9fc84301dab1c5310fa94"
  
  string_decoder@~1.0.3:
    version "1.0.3"
    resolved "https://registry.yarnpkg.com/string_decoder/-/string_decoder-1.0.3.tgz#0fc67d7c141825de94282dd536bec6b9bce860ab"
    dependencies:
      safe-buffer "~5.1.0"
  
  stringstream@~0.0.5:
    version "0.0.5"
    resolved "https://registry.yarnpkg.com/stringstream/-/stringstream-0.0.5.tgz#4e484cd4de5a0bbbee18e46307710a8a81621878"
  
  strip-ansi@^3.0.0, strip-ansi@^3.0.1:
    version "3.0.1"
    resolved "https://registry.yarnpkg.com/strip-ansi/-/strip-ansi-3.0.1.tgz#6a385fb8853d952d5ff05d0e8aaf94278dc63dcf"
    dependencies:
      ansi-regex "^2.0.0"
  
  strip-bom@^2.0.0:
    version "2.0.0"
    resolved "https://registry.yarnpkg.com/strip-bom/-/strip-bom-2.0.0.tgz#6219a85616520491f35788bdbf1447a99c7e6b0e"
    dependencies:
      is-utf8 "^0.2.0"
  
  strip-indent@^1.0.1:
    version "1.0.1"
    resolved "https://registry.yarnpkg.com/strip-indent/-/strip-indent-1.0.1.tgz#0c7962a6adefa7bbd4ac366460a638552ae1a0a2"
    dependencies:
      get-stdin "^4.0.1"
  
  strip-json-comments@~2.0.1:
    version "2.0.1"
    resolved "https://registry.yarnpkg.com/strip-json-comments/-/strip-json-comments-2.0.1.tgz#3c531942e908c2697c0ec344858c286c7ca0a60a"
  
  sumchecker@^1.2.0:
    version "1.3.1"
    resolved "https://registry.yarnpkg.com/sumchecker/-/sumchecker-1.3.1.tgz#79bb3b4456dd04f18ebdbc0d703a1d1daec5105d"
    dependencies:
      debug "^2.2.0"
      es6-promise "^4.0.5"
  
  supports-color@^2.0.0:
    version "2.0.0"
    resolved "https://registry.yarnpkg.com/supports-color/-/supports-color-2.0.0.tgz#535d045ce6b6363fa40117084629995e9df324c7"
  
  tar-pack@^3.4.0:
    version "3.4.1"
    resolved "https://registry.yarnpkg.com/tar-pack/-/tar-pack-3.4.1.tgz#e1dbc03a9b9d3ba07e896ad027317eb679a10a1f"
    dependencies:
      debug "^2.2.0"
      fstream "^1.0.10"
      fstream-ignore "^1.0.5"
      once "^1.3.3"
      readable-stream "^2.1.4"
      rimraf "^2.5.1"
      tar "^2.2.1"
      uid-number "^0.0.6"
  
  tar@^2.2.1:
    version "2.2.1"
    resolved "https://registry.yarnpkg.com/tar/-/tar-2.2.1.tgz#8e4d2a256c0e2185c6b18ad694aec968b83cb1d1"
    dependencies:
      block-stream "*"
      fstream "^1.0.2"
      inherits "2"
  
  tar@~0.1.17:
    version "0.1.20"
    resolved "https://registry.yarnpkg.com/tar/-/tar-0.1.20.tgz#42940bae5b5f22c74483699126f9f3f27449cb13"
    dependencies:
      block-stream "*"
      fstream "~0.1.28"
      inherits "2"
  
  text-table@~0.1.1:
    version "0.1.1"
    resolved "https://registry.yarnpkg.com/text-table/-/text-table-0.1.1.tgz#9aa4347a39b6950cd24190264576f62db6e52d93"
  
  throttleit@0.0.2:
    version "0.0.2"
    resolved "https://registry.yarnpkg.com/throttleit/-/throttleit-0.0.2.tgz#cfedf88e60c00dd9697b61fdd2a8343a9b680eaf"
  
  through2@~0.2.3:
    version "0.2.3"
    resolved "https://registry.yarnpkg.com/through2/-/through2-0.2.3.tgz#eb3284da4ea311b6cc8ace3653748a52abf25a3f"
    dependencies:
      readable-stream "~1.1.9"
      xtend "~2.1.1"
  
  tiny-lr@0.0.4:
    version "0.0.4"
    resolved "https://registry.yarnpkg.com/tiny-lr/-/tiny-lr-0.0.4.tgz#80618547f63f697d05cb40c4c2c4b083521aefb6"
    dependencies:
      debug "~0.7.0"
      faye-websocket "~0.4.3"
      noptify latest
      qs "~0.5.2"
  
  tough-cookie@~2.3.3:
    version "2.3.4"
    resolved "https://registry.yarnpkg.com/tough-cookie/-/tough-cookie-2.3.4.tgz#ec60cee38ac675063ffc97a5c18970578ee83655"
    dependencies:
      punycode "^1.4.1"
  
  trim-newlines@^1.0.0:
    version "1.0.0"
    resolved "https://registry.yarnpkg.com/trim-newlines/-/trim-newlines-1.0.0.tgz#5887966bb582a4503a41eb524f7d35011815a613"
  
  tunnel-agent@^0.6.0:
    version "0.6.0"
    resolved "https://registry.yarnpkg.com/tunnel-agent/-/tunnel-agent-0.6.0.tgz#27a5dea06b36b04a0a9966774b290868f0fc40fd"
    dependencies:
      safe-buffer "^5.0.1"
  
  tunnel-agent@~0.3.0:
    version "0.3.0"
    resolved "https://registry.yarnpkg.com/tunnel-agent/-/tunnel-agent-0.3.0.tgz#ad681b68f5321ad2827c4cfb1b7d5df2cfe942ee"
  
  tweetnacl@^0.14.3, tweetnacl@~0.14.0:
    version "0.14.5"
    resolved "https://registry.yarnpkg.com/tweetnacl/-/tweetnacl-0.14.5.tgz#5ae68177f192d4456269d108afa93ff8743f4f64"
  
  typedarray-to-buffer@^3.1.2:
    version "3.1.5"
    resolved "https://registry.yarnpkg.com/typedarray-to-buffer/-/typedarray-to-buffer-3.1.5.tgz#a97ee7a9ff42691b9f783ff1bc5112fe3fca9080"
    dependencies:
      is-typedarray "^1.0.0"
  
  typedarray@^0.0.6:
    version "0.0.6"
    resolved "https://registry.yarnpkg.com/typedarray/-/typedarray-0.0.6.tgz#867ac74e3864187b1d3d47d996a78ec5c8830777"
  
  uglify-js@^3.3.12:
    version "3.3.16"
    resolved "https://registry.yarnpkg.com/uglify-js/-/uglify-js-3.3.16.tgz#23ba13efa27aa00885be7417819e8a9787f94028"
    dependencies:
      commander "~2.15.0"
      source-map "~0.6.1"
  
  uid-number@^0.0.6:
    version "0.0.6"
    resolved "https://registry.yarnpkg.com/uid-number/-/uid-number-0.0.6.tgz#0ea10e8035e8eb5b8e4449f06da1c730663baa81"
  
  underscore.string@~2.3.1:
    version "2.3.3"
    resolved "https://registry.yarnpkg.com/underscore.string/-/underscore.string-2.3.3.tgz#71c08bf6b428b1133f37e78fa3a21c82f7329b0d"
  
  underscore.string@~3.2.3:
    version "3.2.3"
    resolved "https://registry.yarnpkg.com/underscore.string/-/underscore.string-3.2.3.tgz#806992633665d5e5fcb4db1fb3a862eb68e9e6da"
  
  underscore.string@~3.3.4:
    version "3.3.4"
    resolved "https://registry.yarnpkg.com/underscore.string/-/underscore.string-3.3.4.tgz#2c2a3f9f83e64762fdc45e6ceac65142864213db"
    dependencies:
      sprintf-js "^1.0.3"
      util-deprecate "^1.0.2"
  
  underscore@~1.4:
    version "1.4.4"
    resolved "https://registry.yarnpkg.com/underscore/-/underscore-1.4.4.tgz#61a6a32010622afa07963bf325203cf12239d604"
  
  util-deprecate@^1.0.2, util-deprecate@~1.0.1:
    version "1.0.2"
    resolved "https://registry.yarnpkg.com/util-deprecate/-/util-deprecate-1.0.2.tgz#450d4dc9fa70de732762fbd2d4a28981419a0ccf"
  
  uuid@^3.1.0, uuid@^3.2.1:
    version "3.2.1"
    resolved "https://registry.yarnpkg.com/uuid/-/uuid-3.2.1.tgz#12c528bb9d58d0b9265d9a2f6f0fe8be17ff1f14"
  
  validate-npm-package-license@^3.0.1:
    version "3.0.3"
    resolved "https://registry.yarnpkg.com/validate-npm-package-license/-/validate-npm-package-license-3.0.3.tgz#81643bcbef1bdfecd4623793dc4648948ba98338"
    dependencies:
      spdx-correct "^3.0.0"
      spdx-expression-parse "^3.0.0"
  
  verror@1.10.0:
    version "1.10.0"
    resolved "https://registry.yarnpkg.com/verror/-/verror-1.10.0.tgz#3a105ca17053af55d6e270c1f8288682e18da400"
    dependencies:
      assert-plus "^1.0.0"
      core-util-is "1.0.2"
      extsprintf "^1.2.0"
  
  websocket@^1.0.24, websocket@^1.0.25:
    version "1.0.25"
    resolved "https://registry.yarnpkg.com/websocket/-/websocket-1.0.25.tgz#998ec790f0a3eacb8b08b50a4350026692a11958"
    dependencies:
      debug "^2.2.0"
      nan "^2.3.3"
      typedarray-to-buffer "^3.1.2"
      yaeti "^0.0.6"
  
  which@~1.2.1:
    version "1.2.14"
    resolved "https://registry.yarnpkg.com/which/-/which-1.2.14.tgz#9a87c4378f03e827cecaf1acdf56c736c01c14e5"
    dependencies:
      isexe "^2.0.0"
  
  wide-align@^1.1.0:
    version "1.1.2"
    resolved "https://registry.yarnpkg.com/wide-align/-/wide-align-1.1.2.tgz#571e0f1b0604636ebc0dfc21b0339bbe31341710"
    dependencies:
      string-width "^1.0.2"
  
  wrappy@1:
    version "1.0.2"
    resolved "https://registry.yarnpkg.com/wrappy/-/wrappy-1.0.2.tgz#b5243d8f3ec1aa35f1364605bc0d1036e30ab69f"
  
  xtend@~2.1.1:
    version "2.1.2"
    resolved "https://registry.yarnpkg.com/xtend/-/xtend-2.1.2.tgz#6efecc2a4dad8e6962c4901b337ce7ba87b5d28b"
    dependencies:
      object-keys "~0.4.0"
  
  yaeti@^0.0.6:
    version "0.0.6"
    resolved "https://registry.yarnpkg.com/yaeti/-/yaeti-0.0.6.tgz#f26f484d72684cf42bedfb76970aa1608fbf9577"
  
  yauzl@2.4.1:
    version "2.4.1"
    resolved "https://registry.yarnpkg.com/yauzl/-/yauzl-2.4.1.tgz#9528f442dab1b2284e58b4379bb194e22e0c4005"
    dependencies:
      fd-slicer "~1.0.1"
  
  yeoman-generator@~0.13.4:
    version "0.13.4"
    resolved "https://registry.yarnpkg.com/yeoman-generator/-/yeoman-generator-0.13.4.tgz#066798dd978026d37be6657b2672a17bc4f4ce34"
    dependencies:
      async "~0.2.8"
      chalk "~0.2.0"
      cheerio "~0.12.0"
      dargs "~0.1.0"
      debug "~0.7.2"
      diff "~1.0.4"
      findup-sync "~0.1.2"
      glob "~3.2.0"
      iconv-lite "~0.2.10"
      inquirer "~0.3.1"
      isbinaryfile "~0.1.8"
      lodash "~1.3.0"
      mime "~1.2.9"
      mkdirp "~0.3.5"
      request "~2.25.0"
      rimraf "~2.2.0"
      shelljs "~0.1.4"
      tar "~0.1.17"
      text-table "~0.1.1"
      underscore.string "~2.3.1"
  
  zip-stream@^1.2.0:
    version "1.2.0"
    resolved "https://registry.yarnpkg.com/zip-stream/-/zip-stream-1.2.0.tgz#a8bc45f4c1b49699c6b90198baacaacdbcd4ba04"
    dependencies:
      archiver-utils "^1.3.0"
      compress-commons "^1.2.0"
      lodash "^4.8.0"
      readable-stream "^2.0.0"

Trace: 
  Error: Command failed.
  Exit code: 1
  Command: sh
  Arguments: -c open http://localhost:9000 && php -S localhost:9000
  Directory: /Users/chen/app/gpgkd906.github.io/Presentation
  Output:
  
      at ProcessTermError.MessageError (/usr/local/Cellar/yarn/1.5.1_1/libexec/lib/cli.js:186:110)
      at new ProcessTermError (/usr/local/Cellar/yarn/1.5.1_1/libexec/lib/cli.js:226:113)
      at ChildProcess.<anonymous> (/usr/local/Cellar/yarn/1.5.1_1/libexec/lib/cli.js:30281:17)
      at emitTwo (events.js:126:13)
      at ChildProcess.emit (events.js:214:7)
      at maybeClose (internal/child_process.js:925:16)
      at Process.ChildProcess._handle.onexit (internal/child_process.js:209:5)
